# JRE version: OpenJDK Runtime Environment (17.0.11) (build 17.0.11+0--11852314)
# Java VM: OpenJDK 64-Bit Server VM (17.0.11+0--11852314, mixed mode, tiered, compressed oops, compressed class ptrs, g1 gc, windows-amd64)
GC Precious Log:
 CPUs: 12 total, 12 available
 Memory: 16193M
 Large Page Support: Disabled
 NUMA Support: Disabled
 Compressed Oops: Enabled (32-bit)
 Heap Region Size: 1M
 Heap Min Capacity: 8M
 Heap Initial Capacity: 254M
 Heap Max Capacity: 2G
 Pre-touch: Disabled
 Parallel Workers: 10
 Concurrent Workers: 3
 Concurrent Refinement Workers: 10
 Periodic GC: Disabled
Heap:
 garbage-first heap   total 309248K, used 228066K [0x0000000080000000, 0x0000000100000000)
  region size 1024K, 82 young (83968K), 8 survivors (8192K)
 Metaspace       used 147619K, committed 149184K, reserved 1179648K
  class space    used 20621K, committed 21312K, reserved 1048576K
GC Heap History (20 events):
Event: 3206.442 GC heap before
{Heap before GC invocations=70 (full 0):
 garbage-first heap   total 288768K, used 233478K [0x0000000080000000, 0x0000000100000000)
  region size 1024K, 46 young (47104K), 9 survivors (9216K)
 Metaspace       used 145472K, committed 146688K, reserved 1179648K
  class space    used 20425K, committed 20992K, reserved 1048576K
}
Event: 3206.445 GC heap after
{Heap after GC invocations=71 (full 0):
 garbage-first heap   total 288768K, used 199427K [0x0000000080000000, 0x0000000100000000)
  region size 1024K, 4 young (4096K), 4 survivors (4096K)
 Metaspace       used 145472K, committed 146688K, reserved 1179648K
  class space    used 20425K, committed 20992K, reserved 1048576K
}
Event: 3213.369 GC heap before
{Heap before GC invocations=72 (full 0):
 garbage-first heap   total 309248K, used 227075K [0x0000000080000000, 0x0000000100000000)
  region size 1024K, 47 young (48128K), 4 survivors (4096K)
 Metaspace       used 145453K, committed 146688K, reserved 1179648K
  class space    used 20399K, committed 20992K, reserved 1048576K
}
Event: 3213.371 GC heap after
{Heap after GC invocations=73 (full 0):
 garbage-first heap   total 309248K, used 171777K [0x0000000080000000, 0x0000000100000000)
  region size 1024K, 5 young (5120K), 5 survivors (5120K)
 Metaspace       used 145453K, committed 146688K, reserved 1179648K
  class space    used 20399K, committed 20992K, reserved 1048576K
}
Event: 3213.429 GC heap before
{Heap before GC invocations=73 (full 0):
 garbage-first heap   total 309248K, used 182017K [0x0000000080000000, 0x0000000100000000)
  region size 1024K, 15 young (15360K), 5 survivors (5120K)
 Metaspace       used 145485K, committed 146688K, reserved 1179648K
  class space    used 20399K, committed 20992K, reserved 1048576K
}
Event: 3213.433 GC heap after
{Heap after GC invocations=74 (full 0):
 garbage-first heap   total 309248K, used 143977K [0x0000000080000000, 0x0000000100000000)
  region size 1024K, 2 young (2048K), 2 survivors (2048K)
 Metaspace       used 145485K, committed 146688K, reserved 1179648K
  class space    used 20399K, committed 20992K, reserved 1048576K
}
Event: 3213.501 GC heap before
{Heap before GC invocations=74 (full 0):
 garbage-first heap   total 309248K, used 157289K [0x0000000080000000, 0x0000000100000000)
  region size 1024K, 15 young (15360K), 2 survivors (2048K)
 Metaspace       used 145547K, committed 146752K, reserved 1179648K
  class space    used 20403K, committed 20992K, reserved 1048576K
}
Event: 3213.508 GC heap after
{Heap after GC invocations=75 (full 0):
 garbage-first heap   total 309248K, used 127403K [0x0000000080000000, 0x0000000100000000)
  region size 1024K, 2 young (2048K), 2 survivors (2048K)
 Metaspace       used 145547K, committed 146752K, reserved 1179648K
  class space    used 20403K, committed 20992K, reserved 1048576K
}
Event: 3230.925 GC heap before
{Heap before GC invocations=75 (full 0):
 garbage-first heap   total 309248K, used 248235K [0x0000000080000000, 0x0000000100000000)
  region size 1024K, 121 young (123904K), 2 survivors (2048K)
 Metaspace       used 146310K, committed 147712K, reserved 1179648K
  class space    used 20539K, committed 21184K, reserved 1048576K
}
Event: 3230.928 GC heap after
{Heap after GC invocations=76 (full 0):
 garbage-first heap   total 309248K, used 130047K [0x0000000080000000, 0x0000000100000000)
  region size 1024K, 5 young (5120K), 5 survivors (5120K)
 Metaspace       used 146310K, committed 147712K, reserved 1179648K
  class space    used 20539K, committed 21184K, reserved 1048576K
}
Event: 3560.306 GC heap before
{Heap before GC invocations=76 (full 0):
 garbage-first heap   total 309248K, used 207871K [0x0000000080000000, 0x0000000100000000)
  region size 1024K, 83 young (84992K), 5 survivors (5120K)
 Metaspace       used 146555K, committed 147968K, reserved 1179648K
  class space    used 20563K, committed 21248K, reserved 1048576K
}
Event: 3560.311 GC heap after
{Heap after GC invocations=77 (full 0):
 garbage-first heap   total 309248K, used 138417K [0x0000000080000000, 0x0000000100000000)
  region size 1024K, 13 young (13312K), 13 survivors (13312K)
 Metaspace       used 146555K, committed 147968K, reserved 1179648K
  class space    used 20563K, committed 21248K, reserved 1048576K
}
Event: 3561.232 GC heap before
{Heap before GC invocations=78 (full 0):
 garbage-first heap   total 309248K, used 269489K [0x0000000080000000, 0x0000000100000000)
  region size 1024K, 124 young (126976K), 13 survivors (13312K)
 Metaspace       used 146689K, committed 148160K, reserved 1179648K
  class space    used 20566K, committed 21248K, reserved 1048576K
}
Event: 3561.238 GC heap after
{Heap after GC invocations=79 (full 0):
 garbage-first heap   total 309248K, used 141753K [0x0000000080000000, 0x0000000100000000)
  region size 1024K, 5 young (5120K), 5 survivors (5120K)
 Metaspace       used 146689K, committed 148160K, reserved 1179648K
  class space    used 20566K, committed 21248K, reserved 1048576K
}
Event: 3561.244 GC heap before
{Heap before GC invocations=79 (full 0):
 garbage-first heap   total 309248K, used 150969K [0x0000000080000000, 0x0000000100000000)
  region size 1024K, 15 young (15360K), 5 survivors (5120K)
 Metaspace       used 146700K, committed 148160K, reserved 1179648K
  class space    used 20566K, committed 21248K, reserved 1048576K
}
Event: 3561.247 GC heap after
{Heap after GC invocations=80 (full 0):
 garbage-first heap   total 309248K, used 133349K [0x0000000080000000, 0x0000000100000000)
  region size 1024K, 2 young (2048K), 2 survivors (2048K)
 Metaspace       used 146700K, committed 148160K, reserved 1179648K
  class space    used 20566K, committed 21248K, reserved 1048576K
}
Event: 3562.845 GC heap before
{Heap before GC invocations=80 (full 0):
 garbage-first heap   total 309248K, used 256229K [0x0000000080000000, 0x0000000100000000)
  region size 1024K, 120 young (122880K), 2 survivors (2048K)
 Metaspace       used 147331K, committed 148800K, reserved 1179648K
  class space    used 20597K, committed 21312K, reserved 1048576K
}
Event: 3562.847 GC heap after
{Heap after GC invocations=81 (full 0):
 garbage-first heap   total 309248K, used 136132K [0x0000000080000000, 0x0000000100000000)
  region size 1024K, 4 young (4096K), 4 survivors (4096K)
 Metaspace       used 147331K, committed 148800K, reserved 1179648K
  class space    used 20597K, committed 21312K, reserved 1048576K
}
Event: 3562.893 GC heap before
{Heap before GC invocations=81 (full 0):
 garbage-first heap   total 309248K, used 150468K [0x0000000080000000, 0x0000000100000000)
  region size 1024K, 20 young (20480K), 4 survivors (4096K)
 Metaspace       used 147399K, committed 148928K, reserved 1179648K
  class space    used 20597K, committed 21312K, reserved 1048576K
}
Event: 3562.895 GC heap after
{Heap after GC invocations=82 (full 0):
 garbage-first heap   total 309248K, used 140002K [0x0000000080000000, 0x0000000100000000)
  region size 1024K, 8 young (8192K), 8 survivors (8192K)
 Metaspace       used 147399K, committed 148928K, reserved 1179648K
  class space    used 20597K, committed 21312K, reserved 1048576K
}

