# JRE version: OpenJDK Runtime Environment (17.0.11) (build 17.0.11+0--11852314)
# Java VM: OpenJDK 64-Bit Server VM (17.0.11+0--11852314, mixed mode, tiered, compressed oops, compressed class ptrs, g1 gc, windows-amd64)
GC Precious Log:
 CPUs: 12 total, 12 available
 Memory: 16193M
 Large Page Support: Disabled
 NUMA Support: Disabled
 Compressed Oops: Enabled (32-bit)
 Heap Region Size: 1M
 Heap Min Capacity: 8M
 Heap Initial Capacity: 254M
 Heap Max Capacity: 2G
 Pre-touch: Disabled
 Parallel Workers: 10
 Concurrent Workers: 3
 Concurrent Refinement Workers: 10
 Periodic GC: Disabled
Heap:
 garbage-first heap   total 372736K, used 323626K [0x0000000080000000, 0x0000000100000000)
  region size 1024K, 185 young (189440K), 5 survivors (5120K)
 Metaspace       used 132221K, committed 133312K, reserved 1179648K
  class space    used 18646K, committed 19200K, reserved 1048576K
GC Heap History (20 events):
Event: 3.851 GC heap before
{Heap before GC invocations=18 (full 0):
 garbage-first heap   total 144384K, used 69912K [0x0000000080000000, 0x0000000100000000)
  region size 1024K, 6 young (6144K), 5 survivors (5120K)
 Metaspace       used 67093K, committed 67712K, reserved 1114112K
  class space    used 9151K, committed 9472K, reserved 1048576K
}
Event: 3.853 GC heap after
{Heap after GC invocations=19 (full 0):
 garbage-first heap   total 144384K, used 70202K [0x0000000080000000, 0x0000000100000000)
  region size 1024K, 4 young (4096K), 4 survivors (4096K)
 Metaspace       used 67093K, committed 67712K, reserved 1114112K
  class space    used 9151K, committed 9472K, reserved 1048576K
}
Event: 3.874 GC heap before
{Heap before GC invocations=20 (full 0):
 garbage-first heap   total 144384K, used 77370K [0x0000000080000000, 0x0000000100000000)
  region size 1024K, 11 young (11264K), 4 survivors (4096K)
 Metaspace       used 67101K, committed 67776K, reserved 1114112K
  class space    used 9152K, committed 9472K, reserved 1048576K
}
Event: 3.876 GC heap after
{Heap after GC invocations=21 (full 0):
 garbage-first heap   total 144384K, used 67914K [0x0000000080000000, 0x0000000100000000)
  region size 1024K, 5 young (5120K), 5 survivors (5120K)
 Metaspace       used 67101K, committed 67776K, reserved 1114112K
  class space    used 9152K, committed 9472K, reserved 1048576K
}
Event: 4.144 GC heap before
{Heap before GC invocations=21 (full 0):
 garbage-first heap   total 144384K, used 119114K [0x0000000080000000, 0x0000000100000000)
  region size 1024K, 54 young (55296K), 5 survivors (5120K)
 Metaspace       used 70680K, committed 71232K, reserved 1114112K
  class space    used 9633K, committed 9920K, reserved 1048576K
}
Event: 4.146 GC heap after
{Heap after GC invocations=22 (full 0):
 garbage-first heap   total 372736K, used 71168K [0x0000000080000000, 0x0000000100000000)
  region size 1024K, 4 young (4096K), 4 survivors (4096K)
 Metaspace       used 70680K, committed 71232K, reserved 1114112K
  class space    used 9633K, committed 9920K, reserved 1048576K
}
Event: 5.352 GC heap before
{Heap before GC invocations=22 (full 0):
 garbage-first heap   total 372736K, used 295424K [0x0000000080000000, 0x0000000100000000)
  region size 1024K, 218 young (223232K), 4 survivors (4096K)
 Metaspace       used 86823K, committed 87424K, reserved 1179648K
  class space    used 12071K, committed 12352K, reserved 1048576K
}
Event: 5.358 GC heap after
{Heap after GC invocations=23 (full 0):
 garbage-first heap   total 372736K, used 87454K [0x0000000080000000, 0x0000000100000000)
  region size 1024K, 16 young (16384K), 16 survivors (16384K)
 Metaspace       used 86823K, committed 87424K, reserved 1179648K
  class space    used 12071K, committed 12352K, reserved 1048576K
}
Event: 6.452 GC heap before
{Heap before GC invocations=23 (full 0):
 garbage-first heap   total 372736K, used 287134K [0x0000000080000000, 0x0000000100000000)
  region size 1024K, 211 young (216064K), 16 survivors (16384K)
 Metaspace       used 100500K, committed 101312K, reserved 1179648K
  class space    used 14091K, committed 14464K, reserved 1048576K
}
Event: 6.460 GC heap after
{Heap after GC invocations=24 (full 0):
 garbage-first heap   total 372736K, used 98724K [0x0000000080000000, 0x0000000100000000)
  region size 1024K, 24 young (24576K), 24 survivors (24576K)
 Metaspace       used 100500K, committed 101312K, reserved 1179648K
  class space    used 14091K, committed 14464K, reserved 1048576K
}
Event: 7.092 GC heap before
{Heap before GC invocations=24 (full 0):
 garbage-first heap   total 372736K, used 291236K [0x0000000080000000, 0x0000000100000000)
  region size 1024K, 213 young (218112K), 24 survivors (24576K)
 Metaspace       used 104987K, committed 105792K, reserved 1179648K
  class space    used 14672K, committed 15040K, reserved 1048576K
}
Event: 7.103 GC heap after
{Heap after GC invocations=25 (full 0):
 garbage-first heap   total 372736K, used 108086K [0x0000000080000000, 0x0000000100000000)
  region size 1024K, 23 young (23552K), 23 survivors (23552K)
 Metaspace       used 104987K, committed 105792K, reserved 1179648K
  class space    used 14672K, committed 15040K, reserved 1048576K
}
Event: 13.286 GC heap before
{Heap before GC invocations=25 (full 0):
 garbage-first heap   total 372736K, used 207414K [0x0000000080000000, 0x0000000100000000)
  region size 1024K, 117 young (119808K), 23 survivors (23552K)
 Metaspace       used 112055K, committed 113024K, reserved 1179648K
  class space    used 15650K, committed 16128K, reserved 1048576K
}
Event: 13.294 GC heap after
{Heap after GC invocations=26 (full 0):
 garbage-first heap   total 372736K, used 112767K [0x0000000080000000, 0x0000000100000000)
  region size 1024K, 17 young (17408K), 17 survivors (17408K)
 Metaspace       used 112055K, committed 113024K, reserved 1179648K
  class space    used 15650K, committed 16128K, reserved 1048576K
}
Event: 22.563 GC heap before
{Heap before GC invocations=27 (full 0):
 garbage-first heap   total 372736K, used 317567K [0x0000000080000000, 0x0000000100000000)
  region size 1024K, 198 young (202752K), 17 survivors (17408K)
 Metaspace       used 129044K, committed 129920K, reserved 1179648K
  class space    used 18519K, committed 18944K, reserved 1048576K
}
Event: 22.571 GC heap after
{Heap after GC invocations=28 (full 0):
 garbage-first heap   total 372736K, used 117013K [0x0000000080000000, 0x0000000100000000)
  region size 1024K, 12 young (12288K), 12 survivors (12288K)
 Metaspace       used 129044K, committed 129920K, reserved 1179648K
  class space    used 18519K, committed 18944K, reserved 1048576K
}
Event: 268.804 GC heap before
{Heap before GC invocations=28 (full 0):
 garbage-first heap   total 372736K, used 123157K [0x0000000080000000, 0x0000000100000000)
  region size 1024K, 18 young (18432K), 12 survivors (12288K)
 Metaspace       used 129250K, committed 130176K, reserved 1179648K
  class space    used 18527K, committed 18944K, reserved 1048576K
}
Event: 268.812 GC heap after
{Heap after GC invocations=29 (full 0):
 garbage-first heap   total 372736K, used 117939K [0x0000000080000000, 0x0000000100000000)
  region size 1024K, 2 young (2048K), 2 survivors (2048K)
 Metaspace       used 129250K, committed 130176K, reserved 1179648K
  class space    used 18527K, committed 18944K, reserved 1048576K
}
Event: 667.768 GC heap before
{Heap before GC invocations=29 (full 0):
 garbage-first heap   total 372736K, used 321715K [0x0000000080000000, 0x0000000100000000)
  region size 1024K, 182 young (186368K), 2 survivors (2048K)
 Metaspace       used 131051K, committed 132032K, reserved 1179648K
  class space    used 18603K, committed 19072K, reserved 1048576K
}
Event: 667.771 GC heap after
{Heap after GC invocations=30 (full 0):
 garbage-first heap   total 372736K, used 120874K [0x0000000080000000, 0x0000000100000000)
  region size 1024K, 5 young (5120K), 5 survivors (5120K)
 Metaspace       used 131051K, committed 132032K, reserved 1179648K
  class space    used 18603K, committed 19072K, reserved 1048576K
}

