# JRE version: OpenJDK Runtime Environment (17.0.11) (build 17.0.11+0--11852314)
# Java VM: OpenJDK 64-Bit Server VM (17.0.11+0--11852314, mixed mode, tiered, compressed oops, compressed class ptrs, g1 gc, windows-amd64)
GC Precious Log:
 CPUs: 12 total, 12 available
 Memory: 16193M
 Large Page Support: Disabled
 NUMA Support: Disabled
 Compressed Oops: Enabled (32-bit)
 Heap Region Size: 1M
 Heap Min Capacity: 8M
 Heap Initial Capacity: 254M
 Heap Max Capacity: 2G
 Pre-touch: Disabled
 Parallel Workers: 10
 Concurrent Workers: 3
 Concurrent Refinement Workers: 10
 Periodic GC: Disabled
Heap:
 garbage-first heap   total 486400K, used 399360K [0x0000000080000000, 0x0000000100000000)
  region size 1024K, 4 young (4096K), 4 survivors (4096K)
 Metaspace       used 140161K, committed 141312K, reserved 1179648K
  class space    used 18505K, committed 19072K, reserved 1048576K
GC Heap History (20 events):
Event: 115.872 GC heap after
{Heap after GC invocations=93 (full 0):
 garbage-first heap   total 486400K, used 300229K [0x0000000080000000, 0x0000000100000000)
  region size 1024K, 4 young (4096K), 4 survivors (4096K)
 Metaspace       used 139337K, committed 140544K, reserved 1179648K
  class space    used 18466K, committed 19008K, reserved 1048576K
}
Event: 116.606 GC heap before
{Heap before GC invocations=93 (full 0):
 garbage-first heap   total 486400K, used 410821K [0x0000000080000000, 0x0000000100000000)
  region size 1024K, 104 young (106496K), 4 survivors (4096K)
 Metaspace       used 139580K, committed 140800K, reserved 1179648K
  class space    used 18478K, committed 19072K, reserved 1048576K
}
Event: 116.615 GC heap after
{Heap after GC invocations=94 (full 0):
 garbage-first heap   total 486400K, used 329991K [0x0000000080000000, 0x0000000100000000)
  region size 1024K, 13 young (13312K), 13 survivors (13312K)
 Metaspace       used 139580K, committed 140800K, reserved 1179648K
  class space    used 18478K, committed 19072K, reserved 1048576K
}
Event: 116.967 GC heap before
{Heap before GC invocations=94 (full 0):
 garbage-first heap   total 486400K, used 424199K [0x0000000080000000, 0x0000000100000000)
  region size 1024K, 81 young (82944K), 13 survivors (13312K)
 Metaspace       used 139647K, committed 140864K, reserved 1179648K
  class space    used 18478K, committed 19072K, reserved 1048576K
}
Event: 116.976 GC heap after
{Heap after GC invocations=95 (full 0):
 garbage-first heap   total 486400K, used 341164K [0x0000000080000000, 0x0000000100000000)
  region size 1024K, 10 young (10240K), 10 survivors (10240K)
 Metaspace       used 139647K, committed 140864K, reserved 1179648K
  class space    used 18478K, committed 19072K, reserved 1048576K
}
Event: 117.045 GC heap before
{Heap before GC invocations=95 (full 0):
 garbage-first heap   total 486400K, used 403628K [0x0000000080000000, 0x0000000100000000)
  region size 1024K, 72 young (73728K), 10 survivors (10240K)
 Metaspace       used 139752K, committed 140928K, reserved 1179648K
  class space    used 18485K, committed 19072K, reserved 1048576K
}
Event: 117.052 GC heap after
{Heap after GC invocations=96 (full 0):
 garbage-first heap   total 486400K, used 349237K [0x0000000080000000, 0x0000000100000000)
  region size 1024K, 8 young (8192K), 8 survivors (8192K)
 Metaspace       used 139752K, committed 140928K, reserved 1179648K
  class space    used 18485K, committed 19072K, reserved 1048576K
}
Event: 117.133 GC heap before
{Heap before GC invocations=96 (full 0):
 garbage-first heap   total 486400K, used 408629K [0x0000000080000000, 0x0000000100000000)
  region size 1024K, 66 young (67584K), 8 survivors (8192K)
 Metaspace       used 139803K, committed 140992K, reserved 1179648K
  class space    used 18485K, committed 19072K, reserved 1048576K
}
Event: 117.136 GC heap after
{Heap after GC invocations=97 (full 0):
 garbage-first heap   total 486400K, used 351503K [0x0000000080000000, 0x0000000100000000)
  region size 1024K, 5 young (5120K), 5 survivors (5120K)
 Metaspace       used 139803K, committed 140992K, reserved 1179648K
  class space    used 18485K, committed 19072K, reserved 1048576K
}
Event: 223.856 GC heap before
{Heap before GC invocations=97 (full 0):
 garbage-first heap   total 486400K, used 411919K [0x0000000080000000, 0x0000000100000000)
  region size 1024K, 64 young (65536K), 5 survivors (5120K)
 Metaspace       used 139907K, committed 141120K, reserved 1179648K
  class space    used 18488K, committed 19072K, reserved 1048576K
}
Event: 223.859 GC heap after
{Heap after GC invocations=98 (full 0):
 garbage-first heap   total 486400K, used 350787K [0x0000000080000000, 0x0000000100000000)
  region size 1024K, 5 young (5120K), 5 survivors (5120K)
 Metaspace       used 139907K, committed 141120K, reserved 1179648K
  class space    used 18488K, committed 19072K, reserved 1048576K
}
Event: 224.494 GC heap before
{Heap before GC invocations=98 (full 0):
 garbage-first heap   total 486400K, used 414275K [0x0000000080000000, 0x0000000100000000)
  region size 1024K, 68 young (69632K), 5 survivors (5120K)
 Metaspace       used 140121K, committed 141312K, reserved 1179648K
  class space    used 18505K, committed 19072K, reserved 1048576K
}
Event: 224.501 GC heap after
{Heap after GC invocations=99 (full 0):
 garbage-first heap   total 486400K, used 359161K [0x0000000080000000, 0x0000000100000000)
  region size 1024K, 9 young (9216K), 9 survivors (9216K)
 Metaspace       used 140121K, committed 141312K, reserved 1179648K
  class space    used 18505K, committed 19072K, reserved 1048576K
}
Event: 224.755 GC heap before
{Heap before GC invocations=99 (full 0):
 garbage-first heap   total 486400K, used 424697K [0x0000000080000000, 0x0000000100000000)
  region size 1024K, 65 young (66560K), 9 survivors (9216K)
 Metaspace       used 140135K, committed 141312K, reserved 1179648K
  class space    used 18505K, committed 19072K, reserved 1048576K
}
Event: 224.765 GC heap after
{Heap after GC invocations=100 (full 0):
 garbage-first heap   total 486400K, used 385358K [0x0000000080000000, 0x0000000100000000)
  region size 1024K, 9 young (9216K), 9 survivors (9216K)
 Metaspace       used 140135K, committed 141312K, reserved 1179648K
  class space    used 18505K, committed 19072K, reserved 1048576K
}
Event: 224.998 GC heap before
{Heap before GC invocations=100 (full 0):
 garbage-first heap   total 486400K, used 422222K [0x0000000080000000, 0x0000000100000000)
  region size 1024K, 38 young (38912K), 9 survivors (9216K)
 Metaspace       used 140157K, committed 141312K, reserved 1179648K
  class space    used 18505K, committed 19072K, reserved 1048576K
}
Event: 225.004 GC heap after
{Heap after GC invocations=101 (full 0):
 garbage-first heap   total 486400K, used 391168K [0x0000000080000000, 0x0000000100000000)
  region size 1024K, 5 young (5120K), 5 survivors (5120K)
 Metaspace       used 140157K, committed 141312K, reserved 1179648K
  class space    used 18505K, committed 19072K, reserved 1048576K
}
Event: 225.142 GC heap before
{Heap before GC invocations=101 (full 0):
 garbage-first heap   total 486400K, used 435200K [0x0000000080000000, 0x0000000100000000)
  region size 1024K, 32 young (32768K), 5 survivors (5120K)
 Metaspace       used 140158K, committed 141312K, reserved 1179648K
  class space    used 18505K, committed 19072K, reserved 1048576K
}
Event: 225.148 GC heap after
{Heap after GC invocations=102 (full 0):
 garbage-first heap   total 486400K, used 393777K [0x0000000080000000, 0x0000000100000000)
  region size 1024K, 3 young (3072K), 3 survivors (3072K)
 Metaspace       used 140158K, committed 141312K, reserved 1179648K
  class space    used 18505K, committed 19072K, reserved 1048576K
}
Event: 225.184 GC heap before
{Heap before GC invocations=102 (full 0):
 garbage-first heap   total 486400K, used 421425K [0x0000000080000000, 0x0000000100000000)
  region size 1024K, 30 young (30720K), 3 survivors (3072K)
 Metaspace       used 140161K, committed 141312K, reserved 1179648K
  class space    used 18505K, committed 19072K, reserved 1048576K
}

