# JRE version: OpenJDK Runtime Environment (17.0.11) (build 17.0.11+0--11852314)
# Java VM: OpenJDK 64-Bit Server VM (17.0.11+0--11852314, mixed mode, tiered, compressed oops, compressed class ptrs, g1 gc, windows-amd64)
GC Precious Log:
 CPUs: 12 total, 12 available
 Memory: 16193M
 Large Page Support: Disabled
 NUMA Support: Disabled
 Compressed Oops: Enabled (32-bit)
 Heap Region Size: 1M
 Heap Min Capacity: 8M
 Heap Initial Capacity: 254M
 Heap Max Capacity: 2G
 Pre-touch: Disabled
 Parallel Workers: 10
 Concurrent Workers: 3
 Concurrent Refinement Workers: 10
 Periodic GC: Disabled
Heap:
 garbage-first heap   total 334848K, used 258497K [0x0000000080000000, 0x0000000100000000)
  region size 1024K, 2 young (2048K), 2 survivors (2048K)
 Metaspace       used 142878K, committed 144512K, reserved 1179648K
  class space    used 20013K, committed 20800K, reserved 1048576K
GC Heap History (20 events):
Event: 976.151 GC heap after
{Heap after GC invocations=67 (full 0):
 garbage-first heap   total 334848K, used 211642K [0x0000000080000000, 0x0000000100000000)
  region size 1024K, 5 young (5120K), 5 survivors (5120K)
 Metaspace       used 141486K, committed 142720K, reserved 1179648K
  class space    used 19808K, committed 20416K, reserved 1048576K
}
Event: 993.353 GC heap before
{Heap before GC invocations=67 (full 0):
 garbage-first heap   total 334848K, used 279226K [0x0000000080000000, 0x0000000100000000)
  region size 1024K, 71 young (72704K), 5 survivors (5120K)
 Metaspace       used 141654K, committed 142912K, reserved 1179648K
  class space    used 19808K, committed 20416K, reserved 1048576K
}
Event: 993.358 GC heap after
{Heap after GC invocations=68 (full 0):
 garbage-first heap   total 334848K, used 219423K [0x0000000080000000, 0x0000000100000000)
  region size 1024K, 9 young (9216K), 9 survivors (9216K)
 Metaspace       used 141654K, committed 142912K, reserved 1179648K
  class space    used 19808K, committed 20416K, reserved 1048576K
}
Event: 993.549 GC heap before
{Heap before GC invocations=68 (full 0):
 garbage-first heap   total 334848K, used 298271K [0x0000000080000000, 0x0000000100000000)
  region size 1024K, 68 young (69632K), 9 survivors (9216K)
 Metaspace       used 141762K, committed 142976K, reserved 1179648K
  class space    used 19808K, committed 20416K, reserved 1048576K
}
Event: 993.554 GC heap after
{Heap after GC invocations=69 (full 0):
 garbage-first heap   total 334848K, used 221701K [0x0000000080000000, 0x0000000100000000)
  region size 1024K, 3 young (3072K), 3 survivors (3072K)
 Metaspace       used 141762K, committed 142976K, reserved 1179648K
  class space    used 19808K, committed 20416K, reserved 1048576K
}
Event: 994.363 GC heap before
{Heap before GC invocations=69 (full 0):
 garbage-first heap   total 334848K, used 285189K [0x0000000080000000, 0x0000000100000000)
  region size 1024K, 49 young (50176K), 3 survivors (3072K)
 Metaspace       used 141805K, committed 142976K, reserved 1179648K
  class space    used 19809K, committed 20416K, reserved 1048576K
}
Event: 994.366 GC heap after
{Heap after GC invocations=70 (full 0):
 garbage-first heap   total 334848K, used 242859K [0x0000000080000000, 0x0000000100000000)
  region size 1024K, 5 young (5120K), 5 survivors (5120K)
 Metaspace       used 141805K, committed 142976K, reserved 1179648K
  class space    used 19809K, committed 20416K, reserved 1048576K
}
Event: 1015.472 GC heap before
{Heap before GC invocations=70 (full 0):
 garbage-first heap   total 334848K, used 288939K [0x0000000080000000, 0x0000000100000000)
  region size 1024K, 48 young (49152K), 5 survivors (5120K)
 Metaspace       used 142003K, committed 143296K, reserved 1179648K
  class space    used 19835K, committed 20480K, reserved 1048576K
}
Event: 1015.475 GC heap after
{Heap after GC invocations=71 (full 0):
 garbage-first heap   total 334848K, used 225704K [0x0000000080000000, 0x0000000100000000)
  region size 1024K, 5 young (5120K), 5 survivors (5120K)
 Metaspace       used 142003K, committed 143296K, reserved 1179648K
  class space    used 19835K, committed 20480K, reserved 1048576K
}
Event: 1015.681 GC heap before
{Heap before GC invocations=71 (full 0):
 garbage-first heap   total 334848K, used 285096K [0x0000000080000000, 0x0000000100000000)
  region size 1024K, 62 young (63488K), 5 survivors (5120K)
 Metaspace       used 142264K, committed 143616K, reserved 1179648K
  class space    used 19873K, committed 20544K, reserved 1048576K
}
Event: 1015.689 GC heap after
{Heap after GC invocations=72 (full 0):
 garbage-first heap   total 334848K, used 247054K [0x0000000080000000, 0x0000000100000000)
  region size 1024K, 8 young (8192K), 8 survivors (8192K)
 Metaspace       used 142264K, committed 143616K, reserved 1179648K
  class space    used 19873K, committed 20544K, reserved 1048576K
}
Event: 1015.794 GC heap before
{Heap before GC invocations=72 (full 0):
 garbage-first heap   total 334848K, used 292110K [0x0000000080000000, 0x0000000100000000)
  region size 1024K, 36 young (36864K), 8 survivors (8192K)
 Metaspace       used 142492K, committed 143872K, reserved 1179648K
  class space    used 19920K, committed 20608K, reserved 1048576K
}
Event: 1015.798 GC heap after
{Heap after GC invocations=73 (full 0):
 garbage-first heap   total 334848K, used 252329K [0x0000000080000000, 0x0000000100000000)
  region size 1024K, 5 young (5120K), 5 survivors (5120K)
 Metaspace       used 142492K, committed 143872K, reserved 1179648K
  class space    used 19920K, committed 20608K, reserved 1048576K
}
Event: 1016.530 GC heap before
{Heap before GC invocations=73 (full 0):
 garbage-first heap   total 334848K, used 277929K [0x0000000080000000, 0x0000000100000000)
  region size 1024K, 31 young (31744K), 5 survivors (5120K)
 Metaspace       used 142595K, committed 144064K, reserved 1179648K
  class space    used 19946K, committed 20672K, reserved 1048576K
}
Event: 1016.533 GC heap after
{Heap after GC invocations=74 (full 0):
 garbage-first heap   total 334848K, used 257935K [0x0000000080000000, 0x0000000100000000)
  region size 1024K, 4 young (4096K), 4 survivors (4096K)
 Metaspace       used 142595K, committed 144064K, reserved 1179648K
  class space    used 19946K, committed 20672K, reserved 1048576K
}
Event: 1016.602 GC heap before
{Heap before GC invocations=74 (full 0):
 garbage-first heap   total 334848K, used 280463K [0x0000000080000000, 0x0000000100000000)
  region size 1024K, 27 young (27648K), 4 survivors (4096K)
 Metaspace       used 142852K, committed 144448K, reserved 1179648K
  class space    used 20011K, committed 20800K, reserved 1048576K
}
Event: 1016.604 GC heap after
{Heap after GC invocations=75 (full 0):
 garbage-first heap   total 334848K, used 258626K [0x0000000080000000, 0x0000000100000000)
  region size 1024K, 2 young (2048K), 2 survivors (2048K)
 Metaspace       used 142852K, committed 144448K, reserved 1179648K
  class space    used 20011K, committed 20800K, reserved 1048576K
}
Event: 1016.611 GC heap before
{Heap before GC invocations=75 (full 0):
 garbage-first heap   total 334848K, used 272962K [0x0000000080000000, 0x0000000100000000)
  region size 1024K, 4 young (4096K), 2 survivors (2048K)
 Metaspace       used 142852K, committed 144448K, reserved 1179648K
  class space    used 20011K, committed 20800K, reserved 1048576K
}
Event: 1016.613 GC heap after
{Heap after GC invocations=76 (full 0):
 garbage-first heap   total 334848K, used 272935K [0x0000000080000000, 0x0000000100000000)
  region size 1024K, 2 young (2048K), 2 survivors (2048K)
 Metaspace       used 142852K, committed 144448K, reserved 1179648K
  class space    used 20011K, committed 20800K, reserved 1048576K
}
Event: 1021.584 GC heap before
{Heap before GC invocations=76 (full 0):
 garbage-first heap   total 334848K, used 295463K [0x0000000080000000, 0x0000000100000000)
  region size 1024K, 18 young (18432K), 2 survivors (2048K)
 Metaspace       used 142878K, committed 144512K, reserved 1179648K
  class space    used 20013K, committed 20800K, reserved 1048576K
}

