# JRE version: OpenJDK Runtime Environment (17.0.11) (build 17.0.11+0--11852314)
# Java VM: OpenJDK 64-Bit Server VM (17.0.11+0--11852314, mixed mode, tiered, compressed oops, compressed class ptrs, g1 gc, windows-amd64)
GC Precious Log:
 CPUs: 12 total, 12 available
 Memory: 16193M
 Large Page Support: Disabled
 NUMA Support: Disabled
 Compressed Oops: Enabled (32-bit)
 Heap Region Size: 1M
 Heap Min Capacity: 8M
 Heap Initial Capacity: 254M
 Heap Max Capacity: 2G
 Pre-touch: Disabled
 Parallel Workers: 10
 Concurrent Workers: 3
 Concurrent Refinement Workers: 10
 Periodic GC: Disabled
Heap:
 garbage-first heap   total 172032K, used 121313K [0x0000000080000000, 0x0000000100000000)
  region size 1024K, 43 young (44032K), 6 survivors (6144K)
 Metaspace       used 82434K, committed 83136K, reserved 1179648K
  class space    used 11233K, committed 11584K, reserved 1048576K
GC Heap History (20 events):
Event: 4.495 GC heap before
{Heap before GC invocations=13 (full 0):
 garbage-first heap   total 143360K, used 112549K [0x0000000080000000, 0x0000000100000000)
  region size 1024K, 66 young (67584K), 10 survivors (10240K)
 Metaspace       used 59645K, committed 60160K, reserved 1114112K
  class space    used 8164K, committed 8448K, reserved 1048576K
}
Event: 4.499 GC heap after
{Heap after GC invocations=14 (full 0):
 garbage-first heap   total 143360K, used 64197K [0x0000000080000000, 0x0000000100000000)
  region size 1024K, 10 young (10240K), 10 survivors (10240K)
 Metaspace       used 59645K, committed 60160K, reserved 1114112K
  class space    used 8164K, committed 8448K, reserved 1048576K
}
Event: 4.881 GC heap before
{Heap before GC invocations=15 (full 0):
 garbage-first heap   total 143360K, used 110277K [0x0000000080000000, 0x0000000100000000)
  region size 1024K, 55 young (56320K), 10 survivors (10240K)
 Metaspace       used 63960K, committed 64512K, reserved 1114112K
  class space    used 8671K, committed 8896K, reserved 1048576K
}
Event: 4.883 GC heap after
{Heap after GC invocations=16 (full 0):
 garbage-first heap   total 143360K, used 65780K [0x0000000080000000, 0x0000000100000000)
  region size 1024K, 2 young (2048K), 2 survivors (2048K)
 Metaspace       used 63960K, committed 64512K, reserved 1114112K
  class space    used 8671K, committed 8896K, reserved 1048576K
}
Event: 4.926 GC heap before
{Heap before GC invocations=16 (full 0):
 garbage-first heap   total 143360K, used 70900K [0x0000000080000000, 0x0000000100000000)
  region size 1024K, 7 young (7168K), 2 survivors (2048K)
 Metaspace       used 64513K, committed 65088K, reserved 1114112K
  class space    used 8777K, committed 9024K, reserved 1048576K
}
Event: 4.928 GC heap after
{Heap after GC invocations=17 (full 0):
 garbage-first heap   total 143360K, used 65462K [0x0000000080000000, 0x0000000100000000)
  region size 1024K, 1 young (1024K), 1 survivors (1024K)
 Metaspace       used 64513K, committed 65088K, reserved 1114112K
  class space    used 8777K, committed 9024K, reserved 1048576K
}
Event: 5.088 GC heap before
{Heap before GC invocations=17 (full 0):
 garbage-first heap   total 143360K, used 82870K [0x0000000080000000, 0x0000000100000000)
  region size 1024K, 19 young (19456K), 1 survivors (1024K)
 Metaspace       used 67137K, committed 67712K, reserved 1114112K
  class space    used 9123K, committed 9408K, reserved 1048576K
}
Event: 5.089 GC heap after
{Heap after GC invocations=18 (full 0):
 garbage-first heap   total 143360K, used 67128K [0x0000000080000000, 0x0000000100000000)
  region size 1024K, 3 young (3072K), 3 survivors (3072K)
 Metaspace       used 67137K, committed 67712K, reserved 1114112K
  class space    used 9123K, committed 9408K, reserved 1048576K
}
Event: 5.400 GC heap before
{Heap before GC invocations=19 (full 0):
 garbage-first heap   total 143360K, used 119352K [0x0000000080000000, 0x0000000100000000)
  region size 1024K, 49 young (50176K), 3 survivors (3072K)
 Metaspace       used 69771K, committed 70400K, reserved 1114112K
  class space    used 9491K, committed 9792K, reserved 1048576K
}
Event: 5.402 GC heap after
{Heap after GC invocations=20 (full 0):
 garbage-first heap   total 143360K, used 71894K [0x0000000080000000, 0x0000000100000000)
  region size 1024K, 6 young (6144K), 6 survivors (6144K)
 Metaspace       used 69771K, committed 70400K, reserved 1114112K
  class space    used 9491K, committed 9792K, reserved 1048576K
}
Event: 5.409 GC heap before
{Heap before GC invocations=20 (full 0):
 garbage-first heap   total 143360K, used 72918K [0x0000000080000000, 0x0000000100000000)
  region size 1024K, 7 young (7168K), 6 survivors (6144K)
 Metaspace       used 69817K, committed 70464K, reserved 1114112K
  class space    used 9497K, committed 9792K, reserved 1048576K
}
Event: 5.411 GC heap after
{Heap after GC invocations=21 (full 0):
 garbage-first heap   total 143360K, used 72187K [0x0000000080000000, 0x0000000100000000)
  region size 1024K, 1 young (1024K), 1 survivors (1024K)
 Metaspace       used 69817K, committed 70464K, reserved 1114112K
  class space    used 9497K, committed 9792K, reserved 1048576K
}
Event: 5.751 GC heap before
{Heap before GC invocations=21 (full 0):
 garbage-first heap   total 143360K, used 103931K [0x0000000080000000, 0x0000000100000000)
  region size 1024K, 33 young (33792K), 1 survivors (1024K)
 Metaspace       used 73007K, committed 73664K, reserved 1114112K
  class space    used 9917K, committed 10240K, reserved 1048576K
}
Event: 5.753 GC heap after
{Heap after GC invocations=22 (full 0):
 garbage-first heap   total 143360K, used 73549K [0x0000000080000000, 0x0000000100000000)
  region size 1024K, 3 young (3072K), 3 survivors (3072K)
 Metaspace       used 73007K, committed 73664K, reserved 1114112K
  class space    used 9917K, committed 10240K, reserved 1048576K
}
Event: 6.139 GC heap before
{Heap before GC invocations=23 (full 0):
 garbage-first heap   total 143360K, used 120653K [0x0000000080000000, 0x0000000100000000)
  region size 1024K, 45 young (46080K), 3 survivors (3072K)
 Metaspace       used 77297K, committed 77888K, reserved 1179648K
  class space    used 10520K, committed 10816K, reserved 1048576K
}
Event: 6.142 GC heap after
{Heap after GC invocations=24 (full 0):
 garbage-first heap   total 143360K, used 79670K [0x0000000080000000, 0x0000000100000000)
  region size 1024K, 5 young (5120K), 5 survivors (5120K)
 Metaspace       used 77297K, committed 77888K, reserved 1179648K
  class space    used 10520K, committed 10816K, reserved 1048576K
}
Event: 6.157 GC heap before
{Heap before GC invocations=24 (full 0):
 garbage-first heap   total 143360K, used 81718K [0x0000000080000000, 0x0000000100000000)
  region size 1024K, 7 young (7168K), 5 survivors (5120K)
 Metaspace       used 77542K, committed 78144K, reserved 1179648K
  class space    used 10553K, committed 10880K, reserved 1048576K
}
Event: 6.159 GC heap after
{Heap after GC invocations=25 (full 0):
 garbage-first heap   total 172032K, used 79764K [0x0000000080000000, 0x0000000100000000)
  region size 1024K, 1 young (1024K), 1 survivors (1024K)
 Metaspace       used 77542K, committed 78144K, reserved 1179648K
  class space    used 10553K, committed 10880K, reserved 1048576K
}
Event: 6.590 GC heap before
{Heap before GC invocations=25 (full 0):
 garbage-first heap   total 172032K, used 133012K [0x0000000080000000, 0x0000000100000000)
  region size 1024K, 54 young (55296K), 1 survivors (1024K)
 Metaspace       used 80154K, committed 80768K, reserved 1179648K
  class space    used 10912K, committed 11200K, reserved 1048576K
}
Event: 6.594 GC heap after
{Heap after GC invocations=26 (full 0):
 garbage-first heap   total 172032K, used 84449K [0x0000000080000000, 0x0000000100000000)
  region size 1024K, 6 young (6144K), 6 survivors (6144K)
 Metaspace       used 80154K, committed 80768K, reserved 1179648K
  class space    used 10912K, committed 11200K, reserved 1048576K
}

