# JRE version: OpenJDK Runtime Environment (17.0.11) (build 17.0.11+0--11852314)
# Java VM: OpenJDK 64-Bit Server VM (17.0.11+0--11852314, mixed mode, tiered, compressed oops, compressed class ptrs, g1 gc, windows-amd64)
GC Precious Log:
 CPUs: 12 total, 12 available
 Memory: 16193M
 Large Page Support: Disabled
 NUMA Support: Disabled
 Compressed Oops: Enabled (32-bit)
 Heap Region Size: 1M
 Heap Min Capacity: 8M
 Heap Initial Capacity: 254M
 Heap Max Capacity: 2G
 Pre-touch: Disabled
 Parallel Workers: 10
 Concurrent Workers: 3
 Concurrent Refinement Workers: 10
 Periodic GC: Disabled
Heap:
 garbage-first heap   total 116736K, used 66708K [0x0000000080000000, 0x0000000100000000)
  region size 1024K, 2 young (2048K), 2 survivors (2048K)
 Metaspace       used 65767K, committed 66368K, reserved 1114112K
  class space    used 9008K, committed 9280K, reserved 1048576K
GC Heap History (20 events):
Event: 2.243 GC heap after
{Heap after GC invocations=11 (full 0):
 garbage-first heap   total 95232K, used 31780K [0x0000000080000000, 0x0000000100000000)
  region size 1024K, 6 young (6144K), 6 survivors (6144K)
 Metaspace       used 44172K, committed 44608K, reserved 1114112K
  class space    used 5937K, committed 6144K, reserved 1048576K
}
Event: 2.517 GC heap before
{Heap before GC invocations=11 (full 0):
 garbage-first heap   total 95232K, used 72740K [0x0000000080000000, 0x0000000100000000)
  region size 1024K, 46 young (47104K), 6 survivors (6144K)
 Metaspace       used 49533K, committed 49984K, reserved 1114112K
  class space    used 6800K, committed 7040K, reserved 1048576K
}
Event: 2.520 GC heap after
{Heap after GC invocations=12 (full 0):
 garbage-first heap   total 95232K, used 34246K [0x0000000080000000, 0x0000000100000000)
  region size 1024K, 6 young (6144K), 6 survivors (6144K)
 Metaspace       used 49533K, committed 49984K, reserved 1114112K
  class space    used 6800K, committed 7040K, reserved 1048576K
}
Event: 2.816 GC heap before
{Heap before GC invocations=12 (full 0):
 garbage-first heap   total 95232K, used 75206K [0x0000000080000000, 0x0000000100000000)
  region size 1024K, 45 young (46080K), 6 survivors (6144K)
 Metaspace       used 54692K, committed 55296K, reserved 1114112K
  class space    used 7521K, committed 7808K, reserved 1048576K
}
Event: 2.819 GC heap after
{Heap after GC invocations=13 (full 0):
 garbage-first heap   total 95232K, used 36627K [0x0000000080000000, 0x0000000100000000)
  region size 1024K, 5 young (5120K), 5 survivors (5120K)
 Metaspace       used 54692K, committed 55296K, reserved 1114112K
  class space    used 7521K, committed 7808K, reserved 1048576K
}
Event: 3.078 GC heap before
{Heap before GC invocations=13 (full 0):
 garbage-first heap   total 95232K, used 75539K [0x0000000080000000, 0x0000000100000000)
  region size 1024K, 43 young (44032K), 5 survivors (5120K)
 Metaspace       used 56431K, committed 56960K, reserved 1114112K
  class space    used 7770K, committed 8064K, reserved 1048576K
}
Event: 3.081 GC heap after
{Heap after GC invocations=14 (full 0):
 garbage-first heap   total 95232K, used 41355K [0x0000000080000000, 0x0000000100000000)
  region size 1024K, 6 young (6144K), 6 survivors (6144K)
 Metaspace       used 56431K, committed 56960K, reserved 1114112K
  class space    used 7770K, committed 8064K, reserved 1048576K
}
Event: 3.190 GC heap before
{Heap before GC invocations=14 (full 0):
 garbage-first heap   total 95232K, used 75147K [0x0000000080000000, 0x0000000100000000)
  region size 1024K, 35 young (35840K), 6 survivors (6144K)
 Metaspace       used 57209K, committed 57728K, reserved 1114112K
  class space    used 7876K, committed 8128K, reserved 1048576K
}
Event: 3.192 GC heap after
{Heap after GC invocations=15 (full 0):
 garbage-first heap   total 95232K, used 51538K [0x0000000080000000, 0x0000000100000000)
  region size 1024K, 5 young (5120K), 5 survivors (5120K)
 Metaspace       used 57209K, committed 57728K, reserved 1114112K
  class space    used 7876K, committed 8128K, reserved 1048576K
}
Event: 3.295 GC heap before
{Heap before GC invocations=16 (full 0):
 garbage-first heap   total 95232K, used 82258K [0x0000000080000000, 0x0000000100000000)
  region size 1024K, 28 young (28672K), 5 survivors (5120K)
 Metaspace       used 58371K, committed 58880K, reserved 1114112K
  class space    used 8033K, committed 8320K, reserved 1048576K
}
Event: 3.297 GC heap after
{Heap after GC invocations=17 (full 0):
 garbage-first heap   total 95232K, used 64371K [0x0000000080000000, 0x0000000100000000)
  region size 1024K, 4 young (4096K), 4 survivors (4096K)
 Metaspace       used 58371K, committed 58880K, reserved 1114112K
  class space    used 8033K, committed 8320K, reserved 1048576K
}
Event: 3.302 GC heap before
{Heap before GC invocations=17 (full 0):
 garbage-first heap   total 95232K, used 66419K [0x0000000080000000, 0x0000000100000000)
  region size 1024K, 5 young (5120K), 4 survivors (4096K)
 Metaspace       used 58423K, committed 58944K, reserved 1114112K
  class space    used 8040K, committed 8320K, reserved 1048576K
}
Event: 3.303 GC heap after
{Heap after GC invocations=18 (full 0):
 garbage-first heap   total 114688K, used 65198K [0x0000000080000000, 0x0000000100000000)
  region size 1024K, 1 young (1024K), 1 survivors (1024K)
 Metaspace       used 58423K, committed 58944K, reserved 1114112K
  class space    used 8040K, committed 8320K, reserved 1048576K
}
Event: 3.418 GC heap before
{Heap before GC invocations=18 (full 0):
 garbage-first heap   total 114688K, used 88750K [0x0000000080000000, 0x0000000100000000)
  region size 1024K, 24 young (24576K), 1 survivors (1024K)
 Metaspace       used 60308K, committed 60864K, reserved 1114112K
  class space    used 8300K, committed 8576K, reserved 1048576K
}
Event: 3.419 GC heap after
{Heap after GC invocations=19 (full 0):
 garbage-first heap   total 114688K, used 65418K [0x0000000080000000, 0x0000000100000000)
  region size 1024K, 1 young (1024K), 1 survivors (1024K)
 Metaspace       used 60308K, committed 60864K, reserved 1114112K
  class space    used 8300K, committed 8576K, reserved 1048576K
}
Event: 3.547 GC heap before
{Heap before GC invocations=20 (full 0):
 garbage-first heap   total 116736K, used 88970K [0x0000000080000000, 0x0000000100000000)
  region size 1024K, 25 young (25600K), 1 survivors (1024K)
 Metaspace       used 62657K, committed 63232K, reserved 1114112K
  class space    used 8551K, committed 8832K, reserved 1048576K
}
Event: 3.548 GC heap after
{Heap after GC invocations=21 (full 0):
 garbage-first heap   total 116736K, used 65962K [0x0000000080000000, 0x0000000100000000)
  region size 1024K, 2 young (2048K), 2 survivors (2048K)
 Metaspace       used 62657K, committed 63232K, reserved 1114112K
  class space    used 8551K, committed 8832K, reserved 1048576K
}
Event: 3.568 GC heap before
{Heap before GC invocations=21 (full 0):
 garbage-first heap   total 116736K, used 69034K [0x0000000080000000, 0x0000000100000000)
  region size 1024K, 5 young (5120K), 2 survivors (2048K)
 Metaspace       used 63151K, committed 63680K, reserved 1114112K
  class space    used 8606K, committed 8832K, reserved 1048576K
}
Event: 3.569 GC heap after
{Heap after GC invocations=22 (full 0):
 garbage-first heap   total 116736K, used 65836K [0x0000000080000000, 0x0000000100000000)
  region size 1024K, 1 young (1024K), 1 survivors (1024K)
 Metaspace       used 63151K, committed 63680K, reserved 1114112K
  class space    used 8606K, committed 8832K, reserved 1048576K
}
Event: 3.738 GC heap before
{Heap before GC invocations=22 (full 0):
 garbage-first heap   total 116736K, used 91436K [0x0000000080000000, 0x0000000100000000)
  region size 1024K, 27 young (27648K), 1 survivors (1024K)
 Metaspace       used 65767K, committed 66368K, reserved 1114112K
  class space    used 9008K, committed 9280K, reserved 1048576K
}

