# JRE version: OpenJDK Runtime Environment (17.0.11) (build 17.0.11+0--11852314)
# Java VM: OpenJDK 64-Bit Server VM (17.0.11+0--11852314, mixed mode, tiered, compressed oops, compressed class ptrs, g1 gc, windows-amd64)
GC Precious Log:
 CPUs: 12 total, 12 available
 Memory: 16193M
 Large Page Support: Disabled
 NUMA Support: Disabled
 Compressed Oops: Enabled (32-bit)
 Heap Region Size: 1M
 Heap Min Capacity: 8M
 Heap Initial Capacity: 254M
 Heap Max Capacity: 2G
 Pre-touch: Disabled
 Parallel Workers: 10
 Concurrent Workers: 3
 Concurrent Refinement Workers: 10
 Periodic GC: Disabled
Heap:
 garbage-first heap   total 275456K, used 195432K [0x0000000080000000, 0x0000000100000000)
  region size 1024K, 72 young (73728K), 3 survivors (3072K)
 Metaspace       used 131030K, committed 132160K, reserved 1179648K
  class space    used 18345K, committed 18880K, reserved 1048576K
GC Heap History (20 events):
Event: 694.709 GC heap before
{Heap before GC invocations=34 (full 0):
 garbage-first heap   total 229376K, used 186181K [0x0000000080000000, 0x0000000100000000)
  region size 1024K, 77 young (78848K), 6 survivors (6144K)
 Metaspace       used 106138K, committed 106944K, reserved 1179648K
  class space    used 14700K, committed 15104K, reserved 1048576K
}
Event: 694.714 GC heap after
{Heap after GC invocations=35 (full 0):
 garbage-first heap   total 229376K, used 122682K [0x0000000080000000, 0x0000000100000000)
  region size 1024K, 10 young (10240K), 10 survivors (10240K)
 Metaspace       used 106138K, committed 106944K, reserved 1179648K
  class space    used 14700K, committed 15104K, reserved 1048576K
}
Event: 809.922 GC heap before
{Heap before GC invocations=35 (full 0):
 garbage-first heap   total 229376K, used 186170K [0x0000000080000000, 0x0000000100000000)
  region size 1024K, 73 young (74752K), 10 survivors (10240K)
 Metaspace       used 109307K, committed 110272K, reserved 1179648K
  class space    used 15193K, committed 15680K, reserved 1048576K
}
Event: 809.927 GC heap after
{Heap after GC invocations=36 (full 0):
 garbage-first heap   total 229376K, used 126618K [0x0000000080000000, 0x0000000100000000)
  region size 1024K, 4 young (4096K), 4 survivors (4096K)
 Metaspace       used 109307K, committed 110272K, reserved 1179648K
  class space    used 15193K, committed 15680K, reserved 1048576K
}
Event: 810.285 GC heap before
{Heap before GC invocations=36 (full 0):
 garbage-first heap   total 229376K, used 188058K [0x0000000080000000, 0x0000000100000000)
  region size 1024K, 65 young (66560K), 4 survivors (4096K)
 Metaspace       used 109730K, committed 110720K, reserved 1179648K
  class space    used 15207K, committed 15680K, reserved 1048576K
}
Event: 810.289 GC heap after
{Heap after GC invocations=37 (full 0):
 garbage-first heap   total 229376K, used 134625K [0x0000000080000000, 0x0000000100000000)
  region size 1024K, 9 young (9216K), 9 survivors (9216K)
 Metaspace       used 109730K, committed 110720K, reserved 1179648K
  class space    used 15207K, committed 15680K, reserved 1048576K
}
Event: 813.403 GC heap before
{Heap before GC invocations=37 (full 0):
 garbage-first heap   total 229376K, used 192993K [0x0000000080000000, 0x0000000100000000)
  region size 1024K, 62 young (63488K), 9 survivors (9216K)
 Metaspace       used 114334K, committed 115392K, reserved 1179648K
  class space    used 15788K, committed 16320K, reserved 1048576K
}
Event: 813.407 GC heap after
{Heap after GC invocations=38 (full 0):
 garbage-first heap   total 229376K, used 137848K [0x0000000080000000, 0x0000000100000000)
  region size 1024K, 3 young (3072K), 3 survivors (3072K)
 Metaspace       used 114334K, committed 115392K, reserved 1179648K
  class space    used 15788K, committed 16320K, reserved 1048576K
}
Event: 813.763 GC heap before
{Heap before GC invocations=38 (full 0):
 garbage-first heap   total 229376K, used 191096K [0x0000000080000000, 0x0000000100000000)
  region size 1024K, 56 young (57344K), 3 survivors (3072K)
 Metaspace       used 121345K, committed 122368K, reserved 1179648K
  class space    used 16904K, committed 17408K, reserved 1048576K
}
Event: 813.766 GC heap after
{Heap after GC invocations=39 (full 0):
 garbage-first heap   total 229376K, used 138773K [0x0000000080000000, 0x0000000100000000)
  region size 1024K, 4 young (4096K), 4 survivors (4096K)
 Metaspace       used 121345K, committed 122368K, reserved 1179648K
  class space    used 16904K, committed 17408K, reserved 1048576K
}
Event: 814.055 GC heap before
{Heap before GC invocations=39 (full 0):
 garbage-first heap   total 229376K, used 192021K [0x0000000080000000, 0x0000000100000000)
  region size 1024K, 57 young (58368K), 4 survivors (4096K)
 Metaspace       used 126810K, committed 127872K, reserved 1179648K
  class space    used 17772K, committed 18304K, reserved 1048576K
}
Event: 814.057 GC heap after
{Heap after GC invocations=40 (full 0):
 garbage-first heap   total 229376K, used 139283K [0x0000000080000000, 0x0000000100000000)
  region size 1024K, 5 young (5120K), 5 survivors (5120K)
 Metaspace       used 126810K, committed 127872K, reserved 1179648K
  class space    used 17772K, committed 18304K, reserved 1048576K
}
Event: 814.419 GC heap before
{Heap before GC invocations=40 (full 0):
 garbage-first heap   total 229376K, used 192531K [0x0000000080000000, 0x0000000100000000)
  region size 1024K, 45 young (46080K), 5 survivors (5120K)
 Metaspace       used 130021K, committed 131008K, reserved 1179648K
  class space    used 18264K, committed 18752K, reserved 1048576K
}
Event: 814.423 GC heap after
{Heap after GC invocations=41 (full 0):
 garbage-first heap   total 229376K, used 156684K [0x0000000080000000, 0x0000000100000000)
  region size 1024K, 6 young (6144K), 6 survivors (6144K)
 Metaspace       used 130021K, committed 131008K, reserved 1179648K
  class space    used 18264K, committed 18752K, reserved 1048576K
}
Event: 2091.227 GC heap before
{Heap before GC invocations=42 (full 0):
 garbage-first heap   total 275456K, used 196620K [0x0000000080000000, 0x0000000100000000)
  region size 1024K, 41 young (41984K), 6 survivors (6144K)
 Metaspace       used 130351K, committed 131456K, reserved 1179648K
  class space    used 18297K, committed 18816K, reserved 1048576K
}
Event: 2091.231 GC heap after
{Heap after GC invocations=43 (full 0):
 garbage-first heap   total 275456K, used 140521K [0x0000000080000000, 0x0000000100000000)
  region size 1024K, 1 young (1024K), 1 survivors (1024K)
 Metaspace       used 130351K, committed 131456K, reserved 1179648K
  class space    used 18297K, committed 18816K, reserved 1048576K
}
Event: 2111.245 GC heap before
{Heap before GC invocations=43 (full 0):
 garbage-first heap   total 275456K, used 152809K [0x0000000080000000, 0x0000000100000000)
  region size 1024K, 13 young (13312K), 1 survivors (1024K)
 Metaspace       used 130369K, committed 131456K, reserved 1179648K
  class space    used 18299K, committed 18816K, reserved 1048576K
}
Event: 2111.250 GC heap after
{Heap after GC invocations=44 (full 0):
 garbage-first heap   total 275456K, used 124988K [0x0000000080000000, 0x0000000100000000)
  region size 1024K, 1 young (1024K), 1 survivors (1024K)
 Metaspace       used 130369K, committed 131456K, reserved 1179648K
  class space    used 18299K, committed 18816K, reserved 1048576K
}
Event: 2350.817 GC heap before
{Heap before GC invocations=44 (full 0):
 garbage-first heap   total 275456K, used 231484K [0x0000000080000000, 0x0000000100000000)
  region size 1024K, 105 young (107520K), 1 survivors (1024K)
 Metaspace       used 130789K, committed 131904K, reserved 1179648K
  class space    used 18329K, committed 18880K, reserved 1048576K
}
Event: 2350.819 GC heap after
{Heap after GC invocations=45 (full 0):
 garbage-first heap   total 275456K, used 126824K [0x0000000080000000, 0x0000000100000000)
  region size 1024K, 3 young (3072K), 3 survivors (3072K)
 Metaspace       used 130789K, committed 131904K, reserved 1179648K
  class space    used 18329K, committed 18880K, reserved 1048576K
}

