# JRE version: OpenJDK Runtime Environment (17.0.11) (build 17.0.11+0--11852314)
# Java VM: OpenJDK 64-Bit Server VM (17.0.11+0--11852314, mixed mode, tiered, compressed oops, compressed class ptrs, g1 gc, windows-amd64)
GC Precious Log:
 CPUs: 12 total, 12 available
 Memory: 16193M
 Large Page Support: Disabled
 NUMA Support: Disabled
 Compressed Oops: Enabled (32-bit)
 Heap Region Size: 1M
 Heap Min Capacity: 8M
 Heap Initial Capacity: 254M
 Heap Max Capacity: 2G
 Pre-touch: Disabled
 Parallel Workers: 10
 Concurrent Workers: 3
 Concurrent Refinement Workers: 10
 Periodic GC: Disabled
Heap:
 garbage-first heap   total 302080K, used 158043K [0x0000000080000000, 0x0000000100000000)
  region size 1024K, 2 young (2048K), 2 survivors (2048K)
 Metaspace       used 135260K, committed 136320K, reserved 1179648K
  class space    used 18811K, committed 19328K, reserved 1048576K
GC Heap History (20 events):
Event: 474.230 GC heap after
{Heap after GC invocations=52 (full 0):
 garbage-first heap   total 270336K, used 127891K [0x0000000080000000, 0x0000000100000000)
  region size 1024K, 2 young (2048K), 2 survivors (2048K)
 Metaspace       used 133555K, committed 134592K, reserved 1179648K
  class space    used 18743K, committed 19264K, reserved 1048576K
}
Event: 474.710 GC heap before
{Heap before GC invocations=52 (full 0):
 garbage-first heap   total 270336K, used 181139K [0x0000000080000000, 0x0000000100000000)
  region size 1024K, 56 young (57344K), 2 survivors (2048K)
 Metaspace       used 134183K, committed 135168K, reserved 1179648K
  class space    used 18764K, committed 19264K, reserved 1048576K
}
Event: 474.714 GC heap after
{Heap after GC invocations=53 (full 0):
 garbage-first heap   total 270336K, used 135026K [0x0000000080000000, 0x0000000100000000)
  region size 1024K, 9 young (9216K), 9 survivors (9216K)
 Metaspace       used 134183K, committed 135168K, reserved 1179648K
  class space    used 18764K, committed 19264K, reserved 1048576K
}
Event: 476.680 GC heap before
{Heap before GC invocations=54 (full 0):
 garbage-first heap   total 270336K, used 237426K [0x0000000080000000, 0x0000000100000000)
  region size 1024K, 91 young (93184K), 9 survivors (9216K)
 Metaspace       used 134444K, committed 135424K, reserved 1179648K
  class space    used 18763K, committed 19264K, reserved 1048576K
}
Event: 476.685 GC heap after
{Heap after GC invocations=55 (full 0):
 garbage-first heap   total 270336K, used 141423K [0x0000000080000000, 0x0000000100000000)
  region size 1024K, 7 young (7168K), 7 survivors (7168K)
 Metaspace       used 134444K, committed 135424K, reserved 1179648K
  class space    used 18763K, committed 19264K, reserved 1048576K
}
Event: 476.693 GC heap before
{Heap before GC invocations=55 (full 0):
 garbage-first heap   total 270336K, used 146543K [0x0000000080000000, 0x0000000100000000)
  region size 1024K, 13 young (13312K), 7 survivors (7168K)
 Metaspace       used 134459K, committed 135488K, reserved 1179648K
  class space    used 18763K, committed 19264K, reserved 1048576K
}
Event: 476.698 GC heap after
{Heap after GC invocations=56 (full 0):
 garbage-first heap   total 270336K, used 138603K [0x0000000080000000, 0x0000000100000000)
  region size 1024K, 1 young (1024K), 1 survivors (1024K)
 Metaspace       used 134459K, committed 135488K, reserved 1179648K
  class space    used 18763K, committed 19264K, reserved 1048576K
}
Event: 476.844 GC heap before
{Heap before GC invocations=56 (full 0):
 garbage-first heap   total 270336K, used 153963K [0x0000000080000000, 0x0000000100000000)
  region size 1024K, 18 young (18432K), 1 survivors (1024K)
 Metaspace       used 134532K, committed 135552K, reserved 1179648K
  class space    used 18767K, committed 19264K, reserved 1048576K
}
Event: 476.846 GC heap after
{Heap after GC invocations=57 (full 0):
 garbage-first heap   total 270336K, used 138947K [0x0000000080000000, 0x0000000100000000)
  region size 1024K, 2 young (2048K), 2 survivors (2048K)
 Metaspace       used 134532K, committed 135552K, reserved 1179648K
  class space    used 18767K, committed 19264K, reserved 1048576K
}
Event: 521.945 GC heap before
{Heap before GC invocations=58 (full 0):
 garbage-first heap   total 276480K, used 247491K [0x0000000080000000, 0x0000000100000000)
  region size 1024K, 85 young (87040K), 2 survivors (2048K)
 Metaspace       used 134998K, committed 136064K, reserved 1179648K
  class space    used 18796K, committed 19328K, reserved 1048576K
}
Event: 521.950 GC heap after
{Heap after GC invocations=59 (full 0):
 garbage-first heap   total 276480K, used 151622K [0x0000000080000000, 0x0000000100000000)
  region size 1024K, 11 young (11264K), 11 survivors (11264K)
 Metaspace       used 134998K, committed 136064K, reserved 1179648K
  class space    used 18796K, committed 19328K, reserved 1048576K
}
Event: 521.954 GC heap before
{Heap before GC invocations=59 (full 0):
 garbage-first heap   total 276480K, used 153670K [0x0000000080000000, 0x0000000100000000)
  region size 1024K, 13 young (13312K), 11 survivors (11264K)
 Metaspace       used 134998K, committed 136064K, reserved 1179648K
  class space    used 18796K, committed 19328K, reserved 1048576K
}
Event: 521.962 GC heap after
{Heap after GC invocations=60 (full 0):
 garbage-first heap   total 276480K, used 142796K [0x0000000080000000, 0x0000000100000000)
  region size 1024K, 2 young (2048K), 2 survivors (2048K)
 Metaspace       used 134998K, committed 136064K, reserved 1179648K
  class space    used 18796K, committed 19328K, reserved 1048576K
}
Event: 522.050 GC heap before
{Heap before GC invocations=60 (full 0):
 garbage-first heap   total 276480K, used 177612K [0x0000000080000000, 0x0000000100000000)
  region size 1024K, 37 young (37888K), 2 survivors (2048K)
 Metaspace       used 135035K, committed 136064K, reserved 1179648K
  class space    used 18796K, committed 19328K, reserved 1048576K
}
Event: 522.055 GC heap after
{Heap after GC invocations=61 (full 0):
 garbage-first heap   total 276480K, used 164460K [0x0000000080000000, 0x0000000100000000)
  region size 1024K, 11 young (11264K), 11 survivors (11264K)
 Metaspace       used 135035K, committed 136064K, reserved 1179648K
  class space    used 18796K, committed 19328K, reserved 1048576K
}
Event: 522.890 GC heap before
{Heap before GC invocations=62 (full 0):
 garbage-first heap   total 302080K, used 215660K [0x0000000080000000, 0x0000000100000000)
  region size 1024K, 51 young (52224K), 11 survivors (11264K)
 Metaspace       used 135212K, committed 136256K, reserved 1179648K
  class space    used 18811K, committed 19328K, reserved 1048576K
}
Event: 522.896 GC heap after
{Heap after GC invocations=63 (full 0):
 garbage-first heap   total 302080K, used 164631K [0x0000000080000000, 0x0000000100000000)
  region size 1024K, 7 young (7168K), 7 survivors (7168K)
 Metaspace       used 135212K, committed 136256K, reserved 1179648K
  class space    used 18811K, committed 19328K, reserved 1048576K
}
Event: 522.906 GC heap before
{Heap before GC invocations=63 (full 0):
 garbage-first heap   total 302080K, used 170775K [0x0000000080000000, 0x0000000100000000)
  region size 1024K, 14 young (14336K), 7 survivors (7168K)
 Metaspace       used 135217K, committed 136256K, reserved 1179648K
  class space    used 18811K, committed 19328K, reserved 1048576K
}
Event: 522.909 GC heap after
{Heap after GC invocations=64 (full 0):
 garbage-first heap   total 302080K, used 157647K [0x0000000080000000, 0x0000000100000000)
  region size 1024K, 2 young (2048K), 2 survivors (2048K)
 Metaspace       used 135217K, committed 136256K, reserved 1179648K
  class space    used 18811K, committed 19328K, reserved 1048576K
}
Event: 522.987 GC heap before
{Heap before GC invocations=64 (full 0):
 garbage-first heap   total 302080K, used 173007K [0x0000000080000000, 0x0000000100000000)
  region size 1024K, 19 young (19456K), 2 survivors (2048K)
 Metaspace       used 135260K, committed 136320K, reserved 1179648K
  class space    used 18811K, committed 19328K, reserved 1048576K
}

