# JRE version: OpenJDK Runtime Environment (17.0.11) (build 17.0.11+0--11852314)
# Java VM: OpenJDK 64-Bit Server VM (17.0.11+0--11852314, mixed mode, tiered, compressed oops, compressed class ptrs, g1 gc, windows-amd64)
GC Precious Log:
 CPUs: 12 total, 12 available
 Memory: 16193M
 Large Page Support: Disabled
 NUMA Support: Disabled
 Compressed Oops: Enabled (32-bit)
 Heap Region Size: 1M
 Heap Min Capacity: 8M
 Heap Initial Capacity: 254M
 Heap Max Capacity: 2G
 Pre-touch: Disabled
 Parallel Workers: 10
 Concurrent Workers: 3
 Concurrent Refinement Workers: 10
 Periodic GC: Disabled
Heap:
 garbage-first heap   total 516096K, used 301868K [0x0000000080000000, 0x0000000100000000)
  region size 1024K, 135 young (138240K), 7 survivors (7168K)
 Metaspace       used 138274K, committed 139456K, reserved 1179648K
  class space    used 18874K, committed 19456K, reserved 1048576K
GC Heap History (20 events):
Event: 314.795 GC heap before
{Heap before GC invocations=41 (full 0):
 garbage-first heap   total 330752K, used 233661K [0x0000000080000000, 0x0000000100000000)
  region size 1024K, 61 young (62464K), 5 survivors (5120K)
 Metaspace       used 134101K, committed 135232K, reserved 1179648K
  class space    used 18599K, committed 19136K, reserved 1048576K
}
Event: 314.800 GC heap after
{Heap after GC invocations=42 (full 0):
 garbage-first heap   total 330752K, used 164717K [0x0000000080000000, 0x0000000100000000)
  region size 1024K, 8 young (8192K), 8 survivors (8192K)
 Metaspace       used 134101K, committed 135232K, reserved 1179648K
  class space    used 18599K, committed 19136K, reserved 1048576K
}
Event: 314.833 GC heap before
{Heap before GC invocations=42 (full 0):
 garbage-first heap   total 330752K, used 172909K [0x0000000080000000, 0x0000000100000000)
  region size 1024K, 16 young (16384K), 8 survivors (8192K)
 Metaspace       used 134143K, committed 135232K, reserved 1179648K
  class space    used 18603K, committed 19136K, reserved 1048576K
}
Event: 314.838 GC heap after
{Heap after GC invocations=43 (full 0):
 garbage-first heap   total 330752K, used 156865K [0x0000000080000000, 0x0000000100000000)
  region size 1024K, 2 young (2048K), 2 survivors (2048K)
 Metaspace       used 134143K, committed 135232K, reserved 1179648K
  class space    used 18603K, committed 19136K, reserved 1048576K
}
Event: 315.005 GC heap before
{Heap before GC invocations=43 (full 0):
 garbage-first heap   total 330752K, used 222401K [0x0000000080000000, 0x0000000100000000)
  region size 1024K, 67 young (68608K), 2 survivors (2048K)
 Metaspace       used 135289K, committed 136384K, reserved 1179648K
  class space    used 18711K, committed 19264K, reserved 1048576K
}
Event: 315.007 GC heap after
{Heap after GC invocations=44 (full 0):
 garbage-first heap   total 330752K, used 157712K [0x0000000080000000, 0x0000000100000000)
  region size 1024K, 3 young (3072K), 3 survivors (3072K)
 Metaspace       used 135289K, committed 136384K, reserved 1179648K
  class space    used 18711K, committed 19264K, reserved 1048576K
}
Event: 315.322 GC heap before
{Heap before GC invocations=45 (full 0):
 garbage-first heap   total 330752K, used 227344K [0x0000000080000000, 0x0000000100000000)
  region size 1024K, 76 young (77824K), 3 survivors (3072K)
 Metaspace       used 135996K, committed 137152K, reserved 1179648K
  class space    used 18783K, committed 19328K, reserved 1048576K
}
Event: 315.326 GC heap after
{Heap after GC invocations=46 (full 0):
 garbage-first heap   total 330752K, used 158738K [0x0000000080000000, 0x0000000100000000)
  region size 1024K, 10 young (10240K), 10 survivors (10240K)
 Metaspace       used 135996K, committed 137152K, reserved 1179648K
  class space    used 18783K, committed 19328K, reserved 1048576K
}
Event: 315.352 GC heap before
{Heap before GC invocations=46 (full 0):
 garbage-first heap   total 330752K, used 163858K [0x0000000080000000, 0x0000000100000000)
  region size 1024K, 16 young (16384K), 10 survivors (10240K)
 Metaspace       used 136095K, committed 137216K, reserved 1179648K
  class space    used 18783K, committed 19328K, reserved 1048576K
}
Event: 315.357 GC heap after
{Heap after GC invocations=47 (full 0):
 garbage-first heap   total 330752K, used 139923K [0x0000000080000000, 0x0000000100000000)
  region size 1024K, 2 young (2048K), 2 survivors (2048K)
 Metaspace       used 136095K, committed 137216K, reserved 1179648K
  class space    used 18783K, committed 19328K, reserved 1048576K
}
Event: 315.472 GC heap before
{Heap before GC invocations=47 (full 0):
 garbage-first heap   total 330752K, used 159379K [0x0000000080000000, 0x0000000100000000)
  region size 1024K, 23 young (23552K), 2 survivors (2048K)
 Metaspace       used 136544K, committed 137664K, reserved 1179648K
  class space    used 18783K, committed 19328K, reserved 1048576K
}
Event: 315.476 GC heap after
{Heap after GC invocations=48 (full 0):
 garbage-first heap   total 983040K, used 140335K [0x0000000080000000, 0x0000000100000000)
  region size 1024K, 3 young (3072K), 3 survivors (3072K)
 Metaspace       used 136544K, committed 137664K, reserved 1179648K
  class space    used 18783K, committed 19328K, reserved 1048576K
}
Event: 315.589 GC heap before
{Heap before GC invocations=48 (full 0):
 garbage-first heap   total 983040K, used 172079K [0x0000000080000000, 0x0000000100000000)
  region size 1024K, 35 young (35840K), 3 survivors (3072K)
 Metaspace       used 136742K, committed 137856K, reserved 1179648K
  class space    used 18789K, committed 19328K, reserved 1048576K
}
Event: 315.592 GC heap after
{Heap after GC invocations=49 (full 0):
 garbage-first heap   total 983040K, used 144775K [0x0000000080000000, 0x0000000100000000)
  region size 1024K, 7 young (7168K), 7 survivors (7168K)
 Metaspace       used 136742K, committed 137856K, reserved 1179648K
  class space    used 18789K, committed 19328K, reserved 1048576K
}
Event: 1003.576 GC heap before
{Heap before GC invocations=50 (full 0):
 garbage-first heap   total 516096K, used 454023K [0x0000000080000000, 0x0000000100000000)
  region size 1024K, 272 young (278528K), 7 survivors (7168K)
 Metaspace       used 137460K, committed 138624K, reserved 1179648K
  class space    used 18826K, committed 19392K, reserved 1048576K
}
Event: 1003.582 GC heap after
{Heap after GC invocations=51 (full 0):
 garbage-first heap   total 516096K, used 150643K [0x0000000080000000, 0x0000000100000000)
  region size 1024K, 13 young (13312K), 13 survivors (13312K)
 Metaspace       used 137460K, committed 138624K, reserved 1179648K
  class space    used 18826K, committed 19392K, reserved 1048576K
}
Event: 1003.764 GC heap before
{Heap before GC invocations=51 (full 0):
 garbage-first heap   total 516096K, used 163955K [0x0000000080000000, 0x0000000100000000)
  region size 1024K, 25 young (25600K), 13 survivors (13312K)
 Metaspace       used 137485K, committed 138624K, reserved 1179648K
  class space    used 18827K, committed 19392K, reserved 1048576K
}
Event: 1003.769 GC heap after
{Heap after GC invocations=52 (full 0):
 garbage-first heap   total 516096K, used 147164K [0x0000000080000000, 0x0000000100000000)
  region size 1024K, 2 young (2048K), 2 survivors (2048K)
 Metaspace       used 137485K, committed 138624K, reserved 1179648K
  class space    used 18827K, committed 19392K, reserved 1048576K
}
Event: 1003.942 GC heap before
{Heap before GC invocations=52 (full 0):
 garbage-first heap   total 516096K, used 222940K [0x0000000080000000, 0x0000000100000000)
  region size 1024K, 78 young (79872K), 2 survivors (2048K)
 Metaspace       used 137732K, committed 138816K, reserved 1179648K
  class space    used 18828K, committed 19392K, reserved 1048576K
}
Event: 1003.944 GC heap after
{Heap after GC invocations=53 (full 0):
 garbage-first heap   total 516096K, used 151340K [0x0000000080000000, 0x0000000100000000)
  region size 1024K, 7 young (7168K), 7 survivors (7168K)
 Metaspace       used 137732K, committed 138816K, reserved 1179648K
  class space    used 18828K, committed 19392K, reserved 1048576K
}

