# JRE version: OpenJDK Runtime Environment (17.0.11) (build 17.0.11+0--11852314)
# Java VM: OpenJDK 64-Bit Server VM (17.0.11+0--11852314, mixed mode, tiered, compressed oops, compressed class ptrs, g1 gc, windows-amd64)
GC Precious Log:
 CPUs: 12 total, 12 available
 Memory: 16193M
 Large Page Support: Disabled
 NUMA Support: Disabled
 Compressed Oops: Enabled (32-bit)
 Heap Region Size: 1M
 Heap Min Capacity: 8M
 Heap Initial Capacity: 254M
 Heap Max Capacity: 2G
 Pre-touch: Disabled
 Parallel Workers: 10
 Concurrent Workers: 3
 Concurrent Refinement Workers: 10
 Periodic GC: Disabled
Heap:
 garbage-first heap   total 473088K, used 343562K [0x0000000080000000, 0x0000000100000000)
  region size 1024K, 211 young (216064K), 13 survivors (13312K)
 Metaspace       used 130325K, committed 131456K, reserved 1179648K
  class space    used 18275K, committed 18816K, reserved 1048576K
GC Heap History (20 events):
Event: 7.785 GC heap before
{Heap before GC invocations=32 (full 0):
 garbage-first heap   total 184320K, used 150779K [0x0000000080000000, 0x0000000100000000)
  region size 1024K, 57 young (58368K), 1 survivors (1024K)
 Metaspace       used 96774K, committed 97472K, reserved 1179648K
  class space    used 13484K, committed 13824K, reserved 1048576K
}
Event: 7.787 GC heap after
{Heap after GC invocations=33 (full 0):
 garbage-first heap   total 184320K, used 95316K [0x0000000080000000, 0x0000000100000000)
  region size 1024K, 3 young (3072K), 3 survivors (3072K)
 Metaspace       used 96774K, committed 97472K, reserved 1179648K
  class space    used 13484K, committed 13824K, reserved 1048576K
}
Event: 8.189 GC heap before
{Heap before GC invocations=34 (full 0):
 garbage-first heap   total 184320K, used 151636K [0x0000000080000000, 0x0000000100000000)
  region size 1024K, 58 young (59392K), 3 survivors (3072K)
 Metaspace       used 100221K, committed 100864K, reserved 1179648K
  class space    used 14017K, committed 14336K, reserved 1048576K
}
Event: 8.192 GC heap after
{Heap after GC invocations=35 (full 0):
 garbage-first heap   total 184320K, used 100026K [0x0000000080000000, 0x0000000100000000)
  region size 1024K, 8 young (8192K), 8 survivors (8192K)
 Metaspace       used 100221K, committed 100864K, reserved 1179648K
  class space    used 14017K, committed 14336K, reserved 1048576K
}
Event: 8.194 GC heap before
{Heap before GC invocations=35 (full 0):
 garbage-first heap   total 184320K, used 101050K [0x0000000080000000, 0x0000000100000000)
  region size 1024K, 9 young (9216K), 8 survivors (8192K)
 Metaspace       used 100260K, committed 100992K, reserved 1179648K
  class space    used 14030K, committed 14400K, reserved 1048576K
}
Event: 8.198 GC heap after
{Heap after GC invocations=36 (full 0):
 garbage-first heap   total 184320K, used 99764K [0x0000000080000000, 0x0000000100000000)
  region size 1024K, 2 young (2048K), 2 survivors (2048K)
 Metaspace       used 100260K, committed 100992K, reserved 1179648K
  class space    used 14030K, committed 14400K, reserved 1048576K
}
Event: 8.316 GC heap before
{Heap before GC invocations=36 (full 0):
 garbage-first heap   total 184320K, used 149940K [0x0000000080000000, 0x0000000100000000)
  region size 1024K, 52 young (53248K), 2 survivors (2048K)
 Metaspace       used 100771K, committed 101440K, reserved 1179648K
  class space    used 14119K, committed 14464K, reserved 1048576K
}
Event: 8.318 GC heap after
{Heap after GC invocations=37 (full 0):
 garbage-first heap   total 184320K, used 102849K [0x0000000080000000, 0x0000000100000000)
  region size 1024K, 5 young (5120K), 5 survivors (5120K)
 Metaspace       used 100771K, committed 101440K, reserved 1179648K
  class space    used 14119K, committed 14464K, reserved 1048576K
}
Event: 8.502 GC heap before
{Heap before GC invocations=38 (full 0):
 garbage-first heap   total 188416K, used 150977K [0x0000000080000000, 0x0000000100000000)
  region size 1024K, 53 young (54272K), 5 survivors (5120K)
 Metaspace       used 101217K, committed 101952K, reserved 1179648K
  class space    used 14166K, committed 14528K, reserved 1048576K
}
Event: 8.504 GC heap after
{Heap after GC invocations=39 (full 0):
 garbage-first heap   total 188416K, used 105382K [0x0000000080000000, 0x0000000100000000)
  region size 1024K, 5 young (5120K), 5 survivors (5120K)
 Metaspace       used 101217K, committed 101952K, reserved 1179648K
  class space    used 14166K, committed 14528K, reserved 1048576K
}
Event: 8.515 GC heap before
{Heap before GC invocations=39 (full 0):
 garbage-first heap   total 188416K, used 108454K [0x0000000080000000, 0x0000000100000000)
  region size 1024K, 9 young (9216K), 5 survivors (5120K)
 Metaspace       used 101227K, committed 101952K, reserved 1179648K
  class space    used 14166K, committed 14528K, reserved 1048576K
}
Event: 8.517 GC heap after
{Heap after GC invocations=40 (full 0):
 garbage-first heap   total 188416K, used 104489K [0x0000000080000000, 0x0000000100000000)
  region size 1024K, 2 young (2048K), 2 survivors (2048K)
 Metaspace       used 101227K, committed 101952K, reserved 1179648K
  class space    used 14166K, committed 14528K, reserved 1048576K
}
Event: 8.789 GC heap before
{Heap before GC invocations=40 (full 0):
 garbage-first heap   total 188416K, used 153641K [0x0000000080000000, 0x0000000100000000)
  region size 1024K, 51 young (52224K), 2 survivors (2048K)
 Metaspace       used 103655K, committed 104448K, reserved 1179648K
  class space    used 14481K, committed 14848K, reserved 1048576K
}
Event: 8.791 GC heap after
{Heap after GC invocations=41 (full 0):
 garbage-first heap   total 188416K, used 108814K [0x0000000080000000, 0x0000000100000000)
  region size 1024K, 6 young (6144K), 6 survivors (6144K)
 Metaspace       used 103655K, committed 104448K, reserved 1179648K
  class space    used 14481K, committed 14848K, reserved 1048576K
}
Event: 8.938 GC heap before
{Heap before GC invocations=41 (full 0):
 garbage-first heap   total 188416K, used 153870K [0x0000000080000000, 0x0000000100000000)
  region size 1024K, 51 young (52224K), 6 survivors (6144K)
 Metaspace       used 104980K, committed 105728K, reserved 1179648K
  class space    used 14674K, committed 15040K, reserved 1048576K
}
Event: 8.941 GC heap after
{Heap after GC invocations=42 (full 0):
 garbage-first heap   total 188416K, used 111468K [0x0000000080000000, 0x0000000100000000)
  region size 1024K, 5 young (5120K), 5 survivors (5120K)
 Metaspace       used 104980K, committed 105728K, reserved 1179648K
  class space    used 14674K, committed 15040K, reserved 1048576K
}
Event: 15.587 GC heap before
{Heap before GC invocations=42 (full 0):
 garbage-first heap   total 188416K, used 159596K [0x0000000080000000, 0x0000000100000000)
  region size 1024K, 48 young (49152K), 5 survivors (5120K)
 Metaspace       used 107477K, committed 108288K, reserved 1179648K
  class space    used 14948K, committed 15360K, reserved 1048576K
}
Event: 15.591 GC heap after
{Heap after GC invocations=43 (full 0):
 garbage-first heap   total 473088K, used 113151K [0x0000000080000000, 0x0000000100000000)
  region size 1024K, 4 young (4096K), 4 survivors (4096K)
 Metaspace       used 107477K, committed 108288K, reserved 1179648K
  class space    used 14948K, committed 15360K, reserved 1048576K
}
Event: 336.432 GC heap before
{Heap before GC invocations=43 (full 0):
 garbage-first heap   total 473088K, used 386559K [0x0000000080000000, 0x0000000100000000)
  region size 1024K, 252 young (258048K), 4 survivors (4096K)
 Metaspace       used 128558K, committed 129472K, reserved 1179648K
  class space    used 18179K, committed 18624K, reserved 1048576K
}
Event: 336.439 GC heap after
{Heap after GC invocations=44 (full 0):
 garbage-first heap   total 473088K, used 122378K [0x0000000080000000, 0x0000000100000000)
  region size 1024K, 13 young (13312K), 13 survivors (13312K)
 Metaspace       used 128558K, committed 129472K, reserved 1179648K
  class space    used 18179K, committed 18624K, reserved 1048576K
}

