# JRE version: OpenJDK Runtime Environment (17.0.11) (build 17.0.11+0--11852314)
# Java VM: OpenJDK 64-Bit Server VM (17.0.11+0--11852314, mixed mode, tiered, compressed oops, compressed class ptrs, g1 gc, windows-amd64)
GC Precious Log:
 CPUs: 12 total, 12 available
 Memory: 16193M
 Large Page Support: Disabled
 NUMA Support: Disabled
 Compressed Oops: Enabled (32-bit)
 Heap Region Size: 1M
 Heap Min Capacity: 8M
 Heap Initial Capacity: 254M
 Heap Max Capacity: 2G
 Pre-touch: Disabled
 Parallel Workers: 10
 Concurrent Workers: 3
 Concurrent Refinement Workers: 10
 Periodic GC: Disabled
Heap:
 garbage-first heap   total 522240K, used 150490K [0x0000000080000000, 0x0000000100000000)
  region size 1024K, 4 young (4096K), 4 survivors (4096K)
 Metaspace       used 142395K, committed 143936K, reserved 1179648K
  class space    used 19865K, committed 20608K, reserved 1048576K
GC Heap History (20 events):
Event: 2861.093 GC heap after
{Heap after GC invocations=65 (full 0):
 garbage-first heap   total 495616K, used 134167K [0x0000000080000000, 0x0000000100000000)
  region size 1024K, 3 young (3072K), 3 survivors (3072K)
 Metaspace       used 141475K, committed 142848K, reserved 1179648K
  class space    used 19813K, committed 20480K, reserved 1048576K
}
Event: 2861.173 GC heap before
{Heap before GC invocations=65 (full 0):
 garbage-first heap   total 495616K, used 156695K [0x0000000080000000, 0x0000000100000000)
  region size 1024K, 27 young (27648K), 3 survivors (3072K)
 Metaspace       used 141641K, committed 143168K, reserved 1179648K
  class space    used 19859K, committed 20608K, reserved 1048576K
}
Event: 2861.175 GC heap after
{Heap after GC invocations=66 (full 0):
 garbage-first heap   total 495616K, used 133299K [0x0000000080000000, 0x0000000100000000)
  region size 1024K, 2 young (2048K), 2 survivors (2048K)
 Metaspace       used 141641K, committed 143168K, reserved 1179648K
  class space    used 19859K, committed 20608K, reserved 1048576K
}
Event: 2968.187 GC heap before
{Heap before GC invocations=67 (full 0):
 garbage-first heap   total 495616K, used 466099K [0x0000000080000000, 0x0000000100000000)
  region size 1024K, 268 young (274432K), 2 survivors (2048K)
 Metaspace       used 142000K, committed 143552K, reserved 1179648K
  class space    used 19862K, committed 20608K, reserved 1048576K
}
Event: 2968.192 GC heap after
{Heap after GC invocations=68 (full 0):
 garbage-first heap   total 495616K, used 143622K [0x0000000080000000, 0x0000000100000000)
  region size 1024K, 15 young (15360K), 15 survivors (15360K)
 Metaspace       used 142000K, committed 143552K, reserved 1179648K
  class space    used 19862K, committed 20608K, reserved 1048576K
}
Event: 2968.202 GC heap before
{Heap before GC invocations=68 (full 0):
 garbage-first heap   total 495616K, used 152838K [0x0000000080000000, 0x0000000100000000)
  region size 1024K, 24 young (24576K), 15 survivors (15360K)
 Metaspace       used 142008K, committed 143552K, reserved 1179648K
  class space    used 19862K, committed 20608K, reserved 1048576K
}
Event: 2968.208 GC heap after
{Heap after GC invocations=69 (full 0):
 garbage-first heap   total 495616K, used 144052K [0x0000000080000000, 0x0000000100000000)
  region size 1024K, 3 young (3072K), 3 survivors (3072K)
 Metaspace       used 142008K, committed 143552K, reserved 1179648K
  class space    used 19862K, committed 20608K, reserved 1048576K
}
Event: 2968.254 GC heap before
{Heap before GC invocations=69 (full 0):
 garbage-first heap   total 495616K, used 167604K [0x0000000080000000, 0x0000000100000000)
  region size 1024K, 27 young (27648K), 3 survivors (3072K)
 Metaspace       used 142010K, committed 143552K, reserved 1179648K
  class space    used 19862K, committed 20608K, reserved 1048576K
}
Event: 2968.259 GC heap after
{Heap after GC invocations=70 (full 0):
 garbage-first heap   total 495616K, used 156253K [0x0000000080000000, 0x0000000100000000)
  region size 1024K, 15 young (15360K), 15 survivors (15360K)
 Metaspace       used 142010K, committed 143552K, reserved 1179648K
  class space    used 19862K, committed 20608K, reserved 1048576K
}
Event: 2985.206 GC heap before
{Heap before GC invocations=71 (full 0):
 garbage-first heap   total 495616K, used 331357K [0x0000000080000000, 0x0000000100000000)
  region size 1024K, 152 young (155648K), 15 survivors (15360K)
 Metaspace       used 142191K, committed 143680K, reserved 1179648K
  class space    used 19863K, committed 20608K, reserved 1048576K
}
Event: 2985.214 GC heap after
{Heap after GC invocations=72 (full 0):
 garbage-first heap   total 495616K, used 156595K [0x0000000080000000, 0x0000000100000000)
  region size 1024K, 11 young (11264K), 11 survivors (11264K)
 Metaspace       used 142191K, committed 143680K, reserved 1179648K
  class space    used 19863K, committed 20608K, reserved 1048576K
}
Event: 2985.248 GC heap before
{Heap before GC invocations=72 (full 0):
 garbage-first heap   total 495616K, used 171955K [0x0000000080000000, 0x0000000100000000)
  region size 1024K, 24 young (24576K), 11 survivors (11264K)
 Metaspace       used 142195K, committed 143680K, reserved 1179648K
  class space    used 19863K, committed 20608K, reserved 1048576K
}
Event: 2985.255 GC heap after
{Heap after GC invocations=73 (full 0):
 garbage-first heap   total 495616K, used 159744K [0x0000000080000000, 0x0000000100000000)
  region size 1024K, 3 young (3072K), 3 survivors (3072K)
 Metaspace       used 142195K, committed 143680K, reserved 1179648K
  class space    used 19863K, committed 20608K, reserved 1048576K
}
Event: 2985.308 GC heap before
{Heap before GC invocations=73 (full 0):
 garbage-first heap   total 495616K, used 187392K [0x0000000080000000, 0x0000000100000000)
  region size 1024K, 31 young (31744K), 3 survivors (3072K)
 Metaspace       used 142206K, committed 143680K, reserved 1179648K
  class space    used 19863K, committed 20608K, reserved 1048576K
}
Event: 2985.314 GC heap after
{Heap after GC invocations=74 (full 0):
 garbage-first heap   total 495616K, used 174569K [0x0000000080000000, 0x0000000100000000)
  region size 1024K, 18 young (18432K), 18 survivors (18432K)
 Metaspace       used 142206K, committed 143680K, reserved 1179648K
  class space    used 19863K, committed 20608K, reserved 1048576K
}
Event: 3008.161 GC heap before
{Heap before GC invocations=75 (full 0):
 garbage-first heap   total 495616K, used 313833K [0x0000000080000000, 0x0000000100000000)
  region size 1024K, 133 young (136192K), 18 survivors (18432K)
 Metaspace       used 142340K, committed 143872K, reserved 1179648K
  class space    used 19865K, committed 20608K, reserved 1048576K
}
Event: 3008.166 GC heap after
{Heap after GC invocations=76 (full 0):
 garbage-first heap   total 495616K, used 155446K [0x0000000080000000, 0x0000000100000000)
  region size 1024K, 9 young (9216K), 9 survivors (9216K)
 Metaspace       used 142340K, committed 143872K, reserved 1179648K
  class space    used 19865K, committed 20608K, reserved 1048576K
}
Event: 3008.227 GC heap before
{Heap before GC invocations=76 (full 0):
 garbage-first heap   total 495616K, used 170806K [0x0000000080000000, 0x0000000100000000)
  region size 1024K, 24 young (24576K), 9 survivors (9216K)
 Metaspace       used 142394K, committed 143936K, reserved 1179648K
  class space    used 19865K, committed 20608K, reserved 1048576K
}
Event: 3008.231 GC heap after
{Heap after GC invocations=77 (full 0):
 garbage-first heap   total 495616K, used 149762K [0x0000000080000000, 0x0000000100000000)
  region size 1024K, 3 young (3072K), 3 survivors (3072K)
 Metaspace       used 142394K, committed 143936K, reserved 1179648K
  class space    used 19865K, committed 20608K, reserved 1048576K
}
Event: 3008.254 GC heap before
{Heap before GC invocations=77 (full 0):
 garbage-first heap   total 495616K, used 155906K [0x0000000080000000, 0x0000000100000000)
  region size 1024K, 11 young (11264K), 3 survivors (3072K)
 Metaspace       used 142395K, committed 143936K, reserved 1179648K
  class space    used 19865K, committed 20608K, reserved 1048576K
}

