# JRE version: OpenJDK Runtime Environment (17.0.11) (build 17.0.11+0--11852314)
# Java VM: OpenJDK 64-Bit Server VM (17.0.11+0--11852314, mixed mode, tiered, compressed oops, compressed class ptrs, g1 gc, windows-amd64)
GC Precious Log:
 CPUs: 12 total, 12 available
 Memory: 16193M
 Large Page Support: Disabled
 NUMA Support: Disabled
 Compressed Oops: Enabled (32-bit)
 Heap Region Size: 1M
 Heap Min Capacity: 8M
 Heap Initial Capacity: 254M
 Heap Max Capacity: 2G
 Pre-touch: Disabled
 Parallel Workers: 10
 Concurrent Workers: 3
 Concurrent Refinement Workers: 10
 Periodic GC: Disabled
Heap:
 garbage-first heap   total 117760K, used 64706K [0x0000000080000000, 0x0000000100000000)
  region size 1024K, 1 young (1024K), 1 survivors (1024K)
 Metaspace       used 59687K, committed 60288K, reserved 1114112K
  class space    used 8215K, committed 8512K, reserved 1048576K
GC Heap History (20 events):
Event: 2.121 GC heap after
{Heap after GC invocations=11 (full 0):
 garbage-first heap   total 71680K, used 30868K [0x0000000080000000, 0x0000000100000000)
  region size 1024K, 2 young (2048K), 2 survivors (2048K)
 Metaspace       used 42425K, committed 42880K, reserved 1114112K
  class space    used 5659K, committed 5888K, reserved 1048576K
}
Event: 2.315 GC heap before
{Heap before GC invocations=11 (full 0):
 garbage-first heap   total 71680K, used 55444K [0x0000000080000000, 0x0000000100000000)
  region size 1024K, 26 young (26624K), 2 survivors (2048K)
 Metaspace       used 45180K, committed 45632K, reserved 1114112K
  class space    used 6104K, committed 6336K, reserved 1048576K
}
Event: 2.317 GC heap after
{Heap after GC invocations=12 (full 0):
 garbage-first heap   total 94208K, used 32603K [0x0000000080000000, 0x0000000100000000)
  region size 1024K, 4 young (4096K), 4 survivors (4096K)
 Metaspace       used 45180K, committed 45632K, reserved 1114112K
  class space    used 6104K, committed 6336K, reserved 1048576K
}
Event: 2.594 GC heap before
{Heap before GC invocations=12 (full 0):
 garbage-first heap   total 94208K, used 72539K [0x0000000080000000, 0x0000000100000000)
  region size 1024K, 43 young (44032K), 4 survivors (4096K)
 Metaspace       used 50323K, committed 50752K, reserved 1114112K
  class space    used 6934K, committed 7104K, reserved 1048576K
}
Event: 2.596 GC heap after
{Heap after GC invocations=13 (full 0):
 garbage-first heap   total 94208K, used 35126K [0x0000000080000000, 0x0000000100000000)
  region size 1024K, 5 young (5120K), 5 survivors (5120K)
 Metaspace       used 50323K, committed 50752K, reserved 1114112K
  class space    used 6934K, committed 7104K, reserved 1048576K
}
Event: 2.858 GC heap before
{Heap before GC invocations=13 (full 0):
 garbage-first heap   total 94208K, used 75062K [0x0000000080000000, 0x0000000100000000)
  region size 1024K, 42 young (43008K), 5 survivors (5120K)
 Metaspace       used 55191K, committed 55744K, reserved 1114112K
  class space    used 7607K, committed 7872K, reserved 1048576K
}
Event: 2.861 GC heap after
{Heap after GC invocations=14 (full 0):
 garbage-first heap   total 94208K, used 37107K [0x0000000080000000, 0x0000000100000000)
  region size 1024K, 5 young (5120K), 5 survivors (5120K)
 Metaspace       used 55191K, committed 55744K, reserved 1114112K
  class space    used 7607K, committed 7872K, reserved 1048576K
}
Event: 3.100 GC heap before
{Heap before GC invocations=14 (full 0):
 garbage-first heap   total 94208K, used 73971K [0x0000000080000000, 0x0000000100000000)
  region size 1024K, 41 young (41984K), 5 survivors (5120K)
 Metaspace       used 56483K, committed 57088K, reserved 1114112K
  class space    used 7777K, committed 8064K, reserved 1048576K
}
Event: 3.103 GC heap after
{Heap after GC invocations=15 (full 0):
 garbage-first heap   total 94208K, used 41780K [0x0000000080000000, 0x0000000100000000)
  region size 1024K, 6 young (6144K), 6 survivors (6144K)
 Metaspace       used 56483K, committed 57088K, reserved 1114112K
  class space    used 7777K, committed 8064K, reserved 1048576K
}
Event: 3.214 GC heap before
{Heap before GC invocations=15 (full 0):
 garbage-first heap   total 94208K, used 74548K [0x0000000080000000, 0x0000000100000000)
  region size 1024K, 33 young (33792K), 6 survivors (6144K)
 Metaspace       used 57244K, committed 57728K, reserved 1114112K
  class space    used 7884K, committed 8128K, reserved 1048576K
}
Event: 3.216 GC heap after
{Heap after GC invocations=16 (full 0):
 garbage-first heap   total 94208K, used 51654K [0x0000000080000000, 0x0000000100000000)
  region size 1024K, 5 young (5120K), 5 survivors (5120K)
 Metaspace       used 57244K, committed 57728K, reserved 1114112K
  class space    used 7884K, committed 8128K, reserved 1048576K
}
Event: 3.318 GC heap before
{Heap before GC invocations=17 (full 0):
 garbage-first heap   total 94208K, used 81350K [0x0000000080000000, 0x0000000100000000)
  region size 1024K, 27 young (27648K), 5 survivors (5120K)
 Metaspace       used 58312K, committed 58880K, reserved 1114112K
  class space    used 8035K, committed 8320K, reserved 1048576K
}
Event: 3.321 GC heap after
{Heap after GC invocations=18 (full 0):
 garbage-first heap   total 94208K, used 64788K [0x0000000080000000, 0x0000000100000000)
  region size 1024K, 4 young (4096K), 4 survivors (4096K)
 Metaspace       used 58312K, committed 58880K, reserved 1114112K
  class space    used 8035K, committed 8320K, reserved 1048576K
}
Event: 3.325 GC heap before
{Heap before GC invocations=18 (full 0):
 garbage-first heap   total 94208K, used 65812K [0x0000000080000000, 0x0000000100000000)
  region size 1024K, 5 young (5120K), 4 survivors (4096K)
 Metaspace       used 58395K, committed 58944K, reserved 1114112K
  class space    used 8041K, committed 8320K, reserved 1048576K
}
Event: 3.326 GC heap after
{Heap after GC invocations=19 (full 0):
 garbage-first heap   total 94208K, used 64545K [0x0000000080000000, 0x0000000100000000)
  region size 1024K, 1 young (1024K), 1 survivors (1024K)
 Metaspace       used 58395K, committed 58944K, reserved 1114112K
  class space    used 8041K, committed 8320K, reserved 1048576K
}
Event: 3.328 GC heap before
{Heap before GC invocations=19 (full 0):
 garbage-first heap   total 94208K, used 64545K [0x0000000080000000, 0x0000000100000000)
  region size 1024K, 2 young (2048K), 1 survivors (1024K)
 Metaspace       used 58420K, committed 58944K, reserved 1114112K
  class space    used 8042K, committed 8320K, reserved 1048576K
}
Event: 3.329 GC heap after
{Heap after GC invocations=20 (full 0):
 garbage-first heap   total 94208K, used 64331K [0x0000000080000000, 0x0000000100000000)
  region size 1024K, 1 young (1024K), 1 survivors (1024K)
 Metaspace       used 58420K, committed 58944K, reserved 1114112K
  class space    used 8042K, committed 8320K, reserved 1048576K
}
Event: 3.395 GC heap before
{Heap before GC invocations=21 (full 0):
 garbage-first heap   total 117760K, used 77643K [0x0000000080000000, 0x0000000100000000)
  region size 1024K, 13 young (13312K), 1 survivors (1024K)
 Metaspace       used 59369K, committed 59968K, reserved 1114112K
  class space    used 8164K, committed 8448K, reserved 1048576K
}
Event: 3.396 GC heap after
{Heap after GC invocations=22 (full 0):
 garbage-first heap   total 117760K, used 65699K [0x0000000080000000, 0x0000000100000000)
  region size 1024K, 1 young (1024K), 1 survivors (1024K)
 Metaspace       used 59369K, committed 59968K, reserved 1114112K
  class space    used 8164K, committed 8448K, reserved 1048576K
}
Event: 3.416 GC heap before
{Heap before GC invocations=22 (full 0):
 garbage-first heap   total 117760K, used 68771K [0x0000000080000000, 0x0000000100000000)
  region size 1024K, 5 young (5120K), 1 survivors (1024K)
 Metaspace       used 59687K, committed 60288K, reserved 1114112K
  class space    used 8215K, committed 8512K, reserved 1048576K
}

