# JRE version: OpenJDK Runtime Environment (17.0.11) (build 17.0.11+0--11852314)
# Java VM: OpenJDK 64-Bit Server VM (17.0.11+0--11852314, mixed mode, tiered, compressed oops, compressed class ptrs, g1 gc, windows-amd64)
GC Precious Log:
 CPUs: 12 total, 12 available
 Memory: 16193M
 Large Page Support: Disabled
 NUMA Support: Disabled
 Compressed Oops: Enabled (32-bit)
 Heap Region Size: 1M
 Heap Min Capacity: 8M
 Heap Initial Capacity: 254M
 Heap Max Capacity: 2G
 Pre-touch: Disabled
 Parallel Workers: 10
 Concurrent Workers: 3
 Concurrent Refinement Workers: 10
 Periodic GC: Disabled
Heap:
 garbage-first heap   total 184320K, used 75183K [0x0000000080000000, 0x0000000100000000)
  region size 1024K, 11 young (11264K), 8 survivors (8192K)
 Metaspace       used 70992K, committed 71552K, reserved 1114112K
  class space    used 9644K, committed 9920K, reserved 1048576K
GC Heap History (20 events):
Event: 2.212 GC heap before
{Heap before GC invocations=10 (full 0):
 garbage-first heap   total 71680K, used 55825K [0x0000000080000000, 0x0000000100000000)
  region size 1024K, 31 young (31744K), 4 survivors (4096K)
 Metaspace       used 42419K, committed 42880K, reserved 1114112K
  class space    used 5655K, committed 5888K, reserved 1048576K
}
Event: 2.214 GC heap after
{Heap after GC invocations=11 (full 0):
 garbage-first heap   total 93184K, used 30279K [0x0000000080000000, 0x0000000100000000)
  region size 1024K, 2 young (2048K), 2 survivors (2048K)
 Metaspace       used 42419K, committed 42880K, reserved 1114112K
  class space    used 5655K, committed 5888K, reserved 1048576K
}
Event: 2.515 GC heap before
{Heap before GC invocations=11 (full 0):
 garbage-first heap   total 93184K, used 70215K [0x0000000080000000, 0x0000000100000000)
  region size 1024K, 41 young (41984K), 2 survivors (2048K)
 Metaspace       used 47273K, committed 47744K, reserved 1114112K
  class space    used 6455K, committed 6656K, reserved 1048576K
}
Event: 2.517 GC heap after
{Heap after GC invocations=12 (full 0):
 garbage-first heap   total 93184K, used 32798K [0x0000000080000000, 0x0000000100000000)
  region size 1024K, 5 young (5120K), 5 survivors (5120K)
 Metaspace       used 47273K, committed 47744K, reserved 1114112K
  class space    used 6455K, committed 6656K, reserved 1048576K
}
Event: 2.777 GC heap before
{Heap before GC invocations=12 (full 0):
 garbage-first heap   total 93184K, used 70686K [0x0000000080000000, 0x0000000100000000)
  region size 1024K, 42 young (43008K), 5 survivors (5120K)
 Metaspace       used 52192K, committed 52608K, reserved 1114112K
  class space    used 7255K, committed 7424K, reserved 1048576K
}
Event: 2.779 GC heap after
{Heap after GC invocations=13 (full 0):
 garbage-first heap   total 93184K, used 34839K [0x0000000080000000, 0x0000000100000000)
  region size 1024K, 5 young (5120K), 5 survivors (5120K)
 Metaspace       used 52192K, committed 52608K, reserved 1114112K
  class space    used 7255K, committed 7424K, reserved 1048576K
}
Event: 3.081 GC heap before
{Heap before GC invocations=13 (full 0):
 garbage-first heap   total 93184K, used 73751K [0x0000000080000000, 0x0000000100000000)
  region size 1024K, 42 young (43008K), 5 survivors (5120K)
 Metaspace       used 55946K, committed 56448K, reserved 1114112K
  class space    used 7681K, committed 7936K, reserved 1048576K
}
Event: 3.084 GC heap after
{Heap after GC invocations=14 (full 0):
 garbage-first heap   total 93184K, used 38663K [0x0000000080000000, 0x0000000100000000)
  region size 1024K, 6 young (6144K), 6 survivors (6144K)
 Metaspace       used 55946K, committed 56448K, reserved 1114112K
  class space    used 7681K, committed 7936K, reserved 1048576K
}
Event: 3.183 GC heap before
{Heap before GC invocations=14 (full 0):
 garbage-first heap   total 93184K, used 71431K [0x0000000080000000, 0x0000000100000000)
  region size 1024K, 39 young (39936K), 6 survivors (6144K)
 Metaspace       used 56475K, committed 57024K, reserved 1114112K
  class space    used 7765K, committed 8000K, reserved 1048576K
}
Event: 3.186 GC heap after
{Heap after GC invocations=15 (full 0):
 garbage-first heap   total 93184K, used 42084K [0x0000000080000000, 0x0000000100000000)
  region size 1024K, 4 young (4096K), 4 survivors (4096K)
 Metaspace       used 56475K, committed 57024K, reserved 1114112K
  class space    used 7765K, committed 8000K, reserved 1048576K
}
Event: 3.242 GC heap before
{Heap before GC invocations=15 (full 0):
 garbage-first heap   total 93184K, used 54372K [0x0000000080000000, 0x0000000100000000)
  region size 1024K, 15 young (15360K), 4 survivors (4096K)
 Metaspace       used 56849K, committed 57408K, reserved 1114112K
  class space    used 7809K, committed 8064K, reserved 1048576K
}
Event: 3.243 GC heap after
{Heap after GC invocations=16 (full 0):
 garbage-first heap   total 93184K, used 46142K [0x0000000080000000, 0x0000000100000000)
  region size 1024K, 3 young (3072K), 3 survivors (3072K)
 Metaspace       used 56849K, committed 57408K, reserved 1114112K
  class space    used 7809K, committed 8064K, reserved 1048576K
}
Event: 3.366 GC heap before
{Heap before GC invocations=17 (full 0):
 garbage-first heap   total 93184K, used 81982K [0x0000000080000000, 0x0000000100000000)
  region size 1024K, 28 young (28672K), 3 survivors (3072K)
 Metaspace       used 58230K, committed 58816K, reserved 1114112K
  class space    used 8023K, committed 8320K, reserved 1048576K
}
Event: 3.368 GC heap after
{Heap after GC invocations=18 (full 0):
 garbage-first heap   total 94208K, used 63921K [0x0000000080000000, 0x0000000100000000)
  region size 1024K, 4 young (4096K), 4 survivors (4096K)
 Metaspace       used 58230K, committed 58816K, reserved 1114112K
  class space    used 8023K, committed 8320K, reserved 1048576K
}
Event: 3.371 GC heap before
{Heap before GC invocations=18 (full 0):
 garbage-first heap   total 94208K, used 63921K [0x0000000080000000, 0x0000000100000000)
  region size 1024K, 5 young (5120K), 4 survivors (4096K)
 Metaspace       used 58309K, committed 58880K, reserved 1114112K
  class space    used 8028K, committed 8320K, reserved 1048576K
}
Event: 3.372 GC heap after
{Heap after GC invocations=19 (full 0):
 garbage-first heap   total 94208K, used 63129K [0x0000000080000000, 0x0000000100000000)
  region size 1024K, 1 young (1024K), 1 survivors (1024K)
 Metaspace       used 58309K, committed 58880K, reserved 1114112K
  class space    used 8028K, committed 8320K, reserved 1048576K
}
Event: 3.376 GC heap before
{Heap before GC invocations=19 (full 0):
 garbage-first heap   total 94208K, used 63129K [0x0000000080000000, 0x0000000100000000)
  region size 1024K, 2 young (2048K), 1 survivors (1024K)
 Metaspace       used 58359K, committed 58944K, reserved 1114112K
  class space    used 8031K, committed 8320K, reserved 1048576K
}
Event: 3.377 GC heap after
{Heap after GC invocations=20 (full 0):
 garbage-first heap   total 184320K, used 63016K [0x0000000080000000, 0x0000000100000000)
  region size 1024K, 1 young (1024K), 1 survivors (1024K)
 Metaspace       used 58359K, committed 58944K, reserved 1114112K
  class space    used 8031K, committed 8320K, reserved 1048576K
}
Event: 3.801 GC heap before
{Heap before GC invocations=20 (full 0):
 garbage-first heap   total 184320K, used 135720K [0x0000000080000000, 0x0000000100000000)
  region size 1024K, 71 young (72704K), 1 survivors (1024K)
 Metaspace       used 65196K, committed 65856K, reserved 1114112K
  class space    used 8915K, committed 9216K, reserved 1048576K
}
Event: 3.803 GC heap after
{Heap after GC invocations=21 (full 0):
 garbage-first heap   total 184320K, used 66014K [0x0000000080000000, 0x0000000100000000)
  region size 1024K, 3 young (3072K), 3 survivors (3072K)
 Metaspace       used 65196K, committed 65856K, reserved 1114112K
  class space    used 8915K, committed 9216K, reserved 1048576K
}

