# JRE version: OpenJDK Runtime Environment (17.0.11) (build 17.0.11+0--11852314)
# Java VM: OpenJDK 64-Bit Server VM (17.0.11+0--11852314, mixed mode, tiered, compressed oops, compressed class ptrs, g1 gc, windows-amd64)
GC Precious Log:
 CPUs: 12 total, 12 available
 Memory: 16193M
 Large Page Support: Disabled
 NUMA Support: Disabled
 Compressed Oops: Enabled (32-bit)
 Heap Region Size: 1M
 Heap Min Capacity: 8M
 Heap Initial Capacity: 254M
 Heap Max Capacity: 2G
 Pre-touch: Disabled
 Parallel Workers: 10
 Concurrent Workers: 3
 Concurrent Refinement Workers: 10
 Periodic GC: Disabled
Heap:
 garbage-first heap   total 382976K, used 246810K [0x0000000080000000, 0x0000000100000000)
  region size 1024K, 60 young (61440K), 4 survivors (4096K)
 Metaspace       used 140137K, committed 141184K, reserved 1179648K
  class space    used 19557K, committed 20096K, reserved 1048576K
GC Heap History (20 events):
Event: 41.694 GC heap before
{Heap before GC invocations=41 (full 0):
 garbage-first heap   total 315392K, used 270734K [0x0000000080000000, 0x0000000100000000)
  region size 1024K, 99 young (101376K), 13 survivors (13312K)
 Metaspace       used 113320K, committed 114176K, reserved 1179648K
  class space    used 15325K, committed 15744K, reserved 1048576K
}
Event: 41.705 GC heap after
{Heap after GC invocations=42 (full 0):
 garbage-first heap   total 315392K, used 197002K [0x0000000080000000, 0x0000000100000000)
  region size 1024K, 13 young (13312K), 13 survivors (13312K)
 Metaspace       used 113320K, committed 114176K, reserved 1179648K
  class space    used 15325K, committed 15744K, reserved 1048576K
}
Event: 41.936 GC heap before
{Heap before GC invocations=42 (full 0):
 garbage-first heap   total 315392K, used 268682K [0x0000000080000000, 0x0000000100000000)
  region size 1024K, 67 young (68608K), 13 survivors (13312K)
 Metaspace       used 113427K, committed 114304K, reserved 1179648K
  class space    used 15328K, committed 15744K, reserved 1048576K
}
Event: 41.944 GC heap after
{Heap after GC invocations=43 (full 0):
 garbage-first heap   total 315392K, used 205791K [0x0000000080000000, 0x0000000100000000)
  region size 1024K, 7 young (7168K), 7 survivors (7168K)
 Metaspace       used 113427K, committed 114304K, reserved 1179648K
  class space    used 15328K, committed 15744K, reserved 1048576K
}
Event: 42.034 GC heap before
{Heap before GC invocations=43 (full 0):
 garbage-first heap   total 315392K, used 256991K [0x0000000080000000, 0x0000000100000000)
  region size 1024K, 58 young (59392K), 7 survivors (7168K)
 Metaspace       used 113507K, committed 114368K, reserved 1179648K
  class space    used 15336K, committed 15744K, reserved 1048576K
}
Event: 42.039 GC heap after
{Heap after GC invocations=44 (full 0):
 garbage-first heap   total 382976K, used 209479K [0x0000000080000000, 0x0000000100000000)
  region size 1024K, 6 young (6144K), 6 survivors (6144K)
 Metaspace       used 113507K, committed 114368K, reserved 1179648K
  class space    used 15336K, committed 15744K, reserved 1048576K
}
Event: 42.544 GC heap before
{Heap before GC invocations=44 (full 0):
 garbage-first heap   total 382976K, used 301639K [0x0000000080000000, 0x0000000100000000)
  region size 1024K, 97 young (99328K), 6 survivors (6144K)
 Metaspace       used 113773K, committed 114624K, reserved 1179648K
  class space    used 15347K, committed 15744K, reserved 1048576K
}
Event: 42.549 GC heap after
{Heap after GC invocations=45 (full 0):
 garbage-first heap   total 382976K, used 212341K [0x0000000080000000, 0x0000000100000000)
  region size 1024K, 9 young (9216K), 9 survivors (9216K)
 Metaspace       used 113773K, committed 114624K, reserved 1179648K
  class space    used 15347K, committed 15744K, reserved 1048576K
}
Event: 44.685 GC heap before
{Heap before GC invocations=45 (full 0):
 garbage-first heap   total 382976K, used 305525K [0x0000000080000000, 0x0000000100000000)
  region size 1024K, 101 young (103424K), 9 survivors (9216K)
 Metaspace       used 115420K, committed 116288K, reserved 1179648K
  class space    used 15538K, committed 16000K, reserved 1048576K
}
Event: 44.691 GC heap after
{Heap after GC invocations=46 (full 0):
 garbage-first heap   total 382976K, used 219308K [0x0000000080000000, 0x0000000100000000)
  region size 1024K, 13 young (13312K), 13 survivors (13312K)
 Metaspace       used 115420K, committed 116288K, reserved 1179648K
  class space    used 15538K, committed 16000K, reserved 1048576K
}
Event: 45.125 GC heap before
{Heap before GC invocations=46 (full 0):
 garbage-first heap   total 382976K, used 309420K [0x0000000080000000, 0x0000000100000000)
  region size 1024K, 102 young (104448K), 13 survivors (13312K)
 Metaspace       used 118592K, committed 119488K, reserved 1179648K
  class space    used 15912K, committed 16384K, reserved 1048576K
}
Event: 45.129 GC heap after
{Heap after GC invocations=47 (full 0):
 garbage-first heap   total 382976K, used 222786K [0x0000000080000000, 0x0000000100000000)
  region size 1024K, 5 young (5120K), 5 survivors (5120K)
 Metaspace       used 118592K, committed 119488K, reserved 1179648K
  class space    used 15912K, committed 16384K, reserved 1048576K
}
Event: 70.088 GC heap before
{Heap before GC invocations=47 (full 0):
 garbage-first heap   total 382976K, used 314946K [0x0000000080000000, 0x0000000100000000)
  region size 1024K, 95 young (97280K), 5 survivors (5120K)
 Metaspace       used 120367K, committed 121344K, reserved 1179648K
  class space    used 16144K, committed 16640K, reserved 1048576K
}
Event: 70.093 GC heap after
{Heap after GC invocations=48 (full 0):
 garbage-first heap   total 382976K, used 230976K [0x0000000080000000, 0x0000000100000000)
  region size 1024K, 12 young (12288K), 12 survivors (12288K)
 Metaspace       used 120367K, committed 121344K, reserved 1179648K
  class space    used 16144K, committed 16640K, reserved 1048576K
}
Event: 77.520 GC heap before
{Heap before GC invocations=48 (full 0):
 garbage-first heap   total 382976K, used 318016K [0x0000000080000000, 0x0000000100000000)
  region size 1024K, 96 young (98304K), 12 survivors (12288K)
 Metaspace       used 125411K, committed 126400K, reserved 1179648K
  class space    used 16899K, committed 17408K, reserved 1048576K
}
Event: 77.528 GC heap after
{Heap after GC invocations=49 (full 0):
 garbage-first heap   total 382976K, used 237648K [0x0000000080000000, 0x0000000100000000)
  region size 1024K, 7 young (7168K), 7 survivors (7168K)
 Metaspace       used 125411K, committed 126400K, reserved 1179648K
  class space    used 16899K, committed 17408K, reserved 1048576K
}
Event: 77.966 GC heap before
{Heap before GC invocations=49 (full 0):
 garbage-first heap   total 382976K, used 318544K [0x0000000080000000, 0x0000000100000000)
  region size 1024K, 87 young (89088K), 7 survivors (7168K)
 Metaspace       used 133819K, committed 134848K, reserved 1179648K
  class space    used 18408K, committed 18944K, reserved 1048576K
}
Event: 77.973 GC heap after
{Heap after GC invocations=50 (full 0):
 garbage-first heap   total 382976K, used 245449K [0x0000000080000000, 0x0000000100000000)
  region size 1024K, 9 young (9216K), 9 survivors (9216K)
 Metaspace       used 133819K, committed 134848K, reserved 1179648K
  class space    used 18408K, committed 18944K, reserved 1048576K
}
Event: 78.179 GC heap before
{Heap before GC invocations=50 (full 0):
 garbage-first heap   total 382976K, used 287433K [0x0000000080000000, 0x0000000100000000)
  region size 1024K, 52 young (53248K), 9 survivors (9216K)
 Metaspace       used 137330K, committed 138368K, reserved 1179648K
  class space    used 18991K, committed 19520K, reserved 1048576K
}
Event: 78.185 GC heap after
{Heap after GC invocations=51 (full 0):
 garbage-first heap   total 382976K, used 248858K [0x0000000080000000, 0x0000000100000000)
  region size 1024K, 4 young (4096K), 4 survivors (4096K)
 Metaspace       used 137330K, committed 138368K, reserved 1179648K
  class space    used 18991K, committed 19520K, reserved 1048576K
}

